[0.072s] Invoking command in '/home/andre/ros2_ws/src/build/sjtu_drone_description': CMAKE_PREFIX_PATH=${CMAKE_PREFIX_PATH}:/home/andre/ros2_ws/install/sjtu_drone_control:/home/andre/ros2_ws/install/sjtu_drone_bringup:/home/andre/ros2_ws/install/pose_estimator:/home/andre/ros2_ws/install/launch_pkg:/home/andre/ros2_ws/install/drone_controller:/opt/ros/humble /usr/bin/cmake /home/andre/ros2_ws/src/sjtu_drone/sjtu_drone_description -DAMENT_CMAKE_SYMLINK_INSTALL=1 -DCMAKE_INSTALL_PREFIX=/home/andre/ros2_ws/src/install/sjtu_drone_description
[1.356s] -- The C compiler identification is GNU 11.4.0
[2.006s] -- The CXX compiler identification is GNU 11.4.0
[2.079s] -- Detecting C compiler ABI info
[2.594s] -- Detecting C compiler ABI info - done
[2.632s] -- Check for working C compiler: /usr/bin/cc - skipped
[2.643s] -- Detecting C compile features
[2.644s] -- Detecting C compile features - done
[2.652s] -- Detecting CXX compiler ABI info
[3.031s] -- Detecting CXX compiler ABI info - done
[3.032s] -- Check for working CXX compiler: /usr/bin/c++ - skipped
[3.032s] -- Detecting CXX compile features
[3.035s] -- Detecting CXX compile features - done
[3.045s] -- Found PkgConfig: /usr/bin/pkg-config (found version "0.29.2") 
[3.046s] -- Checking for module 'OGRE'
[3.100s] --   Found OGRE, version 1.9.0
[3.323s] -- Checking for module 'OGRE-Terrain'
[3.380s] --   Found OGRE-Terrain, version 1.9.0
[3.512s] -- Found ament_cmake: 1.3.11 (/opt/ros/humble/share/ament_cmake/cmake)
[4.262s] -- Found Python3: /usr/bin/python3 (found version "3.10.12") found components: Interpreter 
[4.478s] -- Override CMake install command with custom implementation using symlinks instead of copying resources
[4.577s] -- Found ament_cmake_ros: 0.10.0 (/opt/ros/humble/share/ament_cmake_ros/cmake)
[4.610s] -- Found rclcpp: 16.0.12 (/opt/ros/humble/share/rclcpp/cmake)
[4.746s] -- Found rosidl_generator_c: 3.1.6 (/opt/ros/humble/share/rosidl_generator_c/cmake)
[4.762s] -- Found rosidl_adapter: 3.1.6 (/opt/ros/humble/share/rosidl_adapter/cmake)
[4.796s] -- Found rosidl_generator_cpp: 3.1.6 (/opt/ros/humble/share/rosidl_generator_cpp/cmake)
[4.854s] -- Using all available rosidl_typesupport_c: rosidl_typesupport_fastrtps_c;rosidl_typesupport_introspection_c
[4.945s] -- Using all available rosidl_typesupport_cpp: rosidl_typesupport_fastrtps_cpp;rosidl_typesupport_introspection_cpp
[5.081s] -- Found rmw_implementation_cmake: 6.1.2 (/opt/ros/humble/share/rmw_implementation_cmake/cmake)
[5.103s] -- Found rmw_fastrtps_cpp: 6.2.7 (/opt/ros/humble/share/rmw_fastrtps_cpp/cmake)
[5.535s] -- Found OpenSSL: /usr/lib/x86_64-linux-gnu/libcrypto.so (found version "3.0.2")  
[5.623s] -- Found FastRTPS: /opt/ros/humble/include  
[5.807s] -- Using RMW implementation 'rmw_fastrtps_cpp' as default
[5.844s] -- Looking for pthread.h
[6.359s] -- Looking for pthread.h - found
[6.359s] -- Performing Test CMAKE_HAVE_LIBC_PTHREAD
[6.914s] -- Performing Test CMAKE_HAVE_LIBC_PTHREAD - Success
[6.919s] -- Found Threads: TRUE  
[7.126s] -- Found gazebo_ros: 3.9.0 (/opt/ros/humble/share/gazebo_ros/cmake)
[7.195s] -- Checking for module 'bullet>=2.82'
[7.295s] --   Found bullet, version 3.05
[8.027s] -- Found fcl: /usr/include (found suitable version "0.7.0", minimum required is "0.5.0") 
[8.467s] -- Found assimp: /usr/include (found version "5.2.0") 
[8.644s] -- Found DART: /usr/include (Required is at least version "6.6") found components: dart 
[8.779s] -- Found Boost: /usr/lib/x86_64-linux-gnu/cmake/Boost-1.74.0/BoostConfig.cmake (found suitable version "1.74.0", minimum required is "1.40.0") found components: thread system filesystem program_options regex iostreams date_time 
[8.847s] -- Found Protobuf: /usr/lib/x86_64-linux-gnu/libprotobuf.so (found version "3.12.4") 
[8.864s] -- Looking for ignition-math6 -- found version 6.15.1
[8.882s] -- Searching for dependencies of ignition-math6
[8.889s] -- Looking for OGRE...
[8.891s] -- OGRE_PREFIX_WATCH changed.
[8.913s] -- Checking for module 'OGRE'
[8.996s] --   Found OGRE, version 1.9.0
[9.244s] -- Found Ogre Ghadamon (1.9.0)
[9.305s] -- Looking for OGRE_Paging...
[9.326s] -- Found OGRE_Paging: optimized;/usr/lib/x86_64-linux-gnu/libOgrePaging.so;debug;/usr/lib/x86_64-linux-gnu/libOgrePaging.so
[9.327s] -- Looking for OGRE_Terrain...
[9.362s] -- Found OGRE_Terrain: optimized;/usr/lib/x86_64-linux-gnu/libOgreTerrain.so;debug;/usr/lib/x86_64-linux-gnu/libOgreTerrain.so
[9.362s] -- Looking for OGRE_Property...
[9.386s] -- Found OGRE_Property: optimized;/usr/lib/x86_64-linux-gnu/libOgreProperty.so;debug;/usr/lib/x86_64-linux-gnu/libOgreProperty.so
[9.386s] -- Looking for OGRE_RTShaderSystem...
[9.409s] -- Found OGRE_RTShaderSystem: optimized;/usr/lib/x86_64-linux-gnu/libOgreRTShaderSystem.so;debug;/usr/lib/x86_64-linux-gnu/libOgreRTShaderSystem.so
[9.412s] -- Looking for OGRE_Volume...
[9.436s] -- Found OGRE_Volume: optimized;/usr/lib/x86_64-linux-gnu/libOgreVolume.so;debug;/usr/lib/x86_64-linux-gnu/libOgreVolume.so
[9.443s] -- Looking for OGRE_Overlay...
[9.470s] -- Found OGRE_Overlay: optimized;/usr/lib/x86_64-linux-gnu/libOgreOverlay.so;debug;/usr/lib/x86_64-linux-gnu/libOgreOverlay.so
[10.101s] -- Looking for ignition-math6 -- found version 6.15.1
[10.114s] -- Looking for ignition-transport8 -- found version 8.2.1
[10.116s] -- Searching for dependencies of ignition-transport8
[10.180s] -- Found Protobuf: /usr/lib/x86_64-linux-gnu/libprotobuf.so (found suitable version "3.12.4", minimum required is "3") 
[10.218s] -- Config-file not installed for ZeroMQ -- checking for pkg-config
[10.247s] -- Checking for module 'libzmq >= 4'
[10.314s] --   Found libzmq , version 4.3.4
[10.512s] -- Found ZeroMQ: TRUE (Required is at least version "4") 
[10.536s] -- Checking for module 'uuid'
[10.623s] --   Found uuid, version 2.37.2
[10.848s] -- Found UUID: TRUE  
[10.855s] -- Looking for ignition-msgs5 -- found version 5.8.1
[10.856s] -- Searching for dependencies of ignition-msgs5
[10.943s] -- Looking for ignition-math6 -- found version 6.15.1
[10.967s] -- Checking for module 'tinyxml2'
[11.042s] --   Found tinyxml2, version 9.0.0
[11.274s] -- Looking for ignition-msgs5 -- found version 5.8.1
[11.305s] -- Looking for ignition-common3 -- found version 3.14.0
[11.310s] -- Searching for dependencies of ignition-common3
[11.314s] -- Looking for dlfcn.h - found
[11.319s] -- Looking for libdl - found
[11.329s] -- Found DL: TRUE  
[11.385s] -- Found tinyobjloader: /usr/lib/x86_64-linux-gnu/cmake/tinyobjloader/tinyobjloader-config.cmake (found version "2.0.0") 
[11.388s] -- Searching for <ignition-common3> component [graphics]
[11.395s] -- Looking for ignition-common3-graphics -- found version 3.14.0
[11.402s] -- Searching for dependencies of ignition-common3-graphics
[11.424s] -- Looking for ignition-math6 -- found version 6.15.1
[11.435s] -- Looking for ignition-fuel_tools4 -- found version 4.4.0
[11.435s] -- Searching for dependencies of ignition-fuel_tools4
[11.871s] -- Found CURL: /usr/lib/x86_64-linux-gnu/libcurl.so (found version "7.81.0")  
[11.903s] -- Checking for module 'jsoncpp'
[12.066s] --   Found jsoncpp, version 1.9.5
[12.301s] -- Found JSONCPP: TRUE  
[12.333s] -- Checking for module 'libzip'
[12.412s] --   Found libzip, version 1.7.3
[12.612s] -- Found ZIP: TRUE  
[12.612s] -- Looking for ignition-common3 -- found version 3.14.0
[12.613s] -- Looking for ignition-math6 -- found version 6.15.1
[12.615s] -- Looking for ignition-msgs5 -- found version 5.8.1
[12.643s] -- Gazebo version: 11.10
[12.643s] -- Checking for module 'tbb'
[12.729s] --   Found tbb, version 2021.5.0
[12.914s] -- Found gazebo_plugins: 3.9.0 (/opt/ros/humble/share/gazebo_plugins/cmake)
[13.083s] -- Found sensor_msgs: 4.8.0 (/opt/ros/humble/share/sensor_msgs/cmake)
[13.170s] -- Found nav_msgs: 4.8.0 (/opt/ros/humble/share/nav_msgs/cmake)
[13.260s] -- Found tf2: 0.25.12 (/opt/ros/humble/share/tf2/cmake)
[13.290s] -- Found tf2_ros: 0.25.12 (/opt/ros/humble/share/tf2_ros/cmake)
[13.436s] -- Found tf2_geometry_msgs: 0.25.12 (/opt/ros/humble/share/tf2_geometry_msgs/cmake)
[13.514s] -- Found eigen3_cmake_module: 0.1.1 (/opt/ros/humble/share/eigen3_cmake_module/cmake)
[13.518s] -- Found Eigen3: TRUE (found version "3.4.0") 
[13.518s] -- Ensuring Eigen3 include directory is part of orocos-kdl CMake target
[13.563s] -- Found ament_lint_auto: 0.12.12 (/opt/ros/humble/share/ament_lint_auto/cmake)
[13.759s] -- Added test 'cppcheck' to perform static code analysis on C / C++ code
[13.759s] -- Configured cppcheck include dirs: /home/andre/ros2_ws/src/sjtu_drone/sjtu_drone_description/include;$<BUILD_INTERFACE:/home/andre/ros2_ws/src/sjtu_drone/sjtu_drone_description/include>
[13.759s] -- Configured cppcheck exclude dirs and/or files: 
[13.783s] -- Added test 'lint_cmake' to check CMake code style
[13.812s] -- Added test 'uncrustify' to check C / C++ code style
[13.813s] -- Configured uncrustify additional arguments: 
[13.827s] -- Added test 'xmllint' to check XML markup files
[13.848s] -- Configuring done
[13.949s] -- Generating done
[13.967s] -- Build files have been written to: /home/andre/ros2_ws/src/build/sjtu_drone_description
[14.032s] Invoked command in '/home/andre/ros2_ws/src/build/sjtu_drone_description' returned '0': CMAKE_PREFIX_PATH=${CMAKE_PREFIX_PATH}:/home/andre/ros2_ws/install/sjtu_drone_control:/home/andre/ros2_ws/install/sjtu_drone_bringup:/home/andre/ros2_ws/install/pose_estimator:/home/andre/ros2_ws/install/launch_pkg:/home/andre/ros2_ws/install/drone_controller:/opt/ros/humble /usr/bin/cmake /home/andre/ros2_ws/src/sjtu_drone/sjtu_drone_description -DAMENT_CMAKE_SYMLINK_INSTALL=1 -DCMAKE_INSTALL_PREFIX=/home/andre/ros2_ws/src/install/sjtu_drone_description
[14.041s] Invoking command in '/home/andre/ros2_ws/src/build/sjtu_drone_description': CMAKE_PREFIX_PATH=${CMAKE_PREFIX_PATH}:/home/andre/ros2_ws/install/sjtu_drone_control:/home/andre/ros2_ws/install/sjtu_drone_bringup:/home/andre/ros2_ws/install/pose_estimator:/home/andre/ros2_ws/install/launch_pkg:/home/andre/ros2_ws/install/drone_controller:/opt/ros/humble /usr/bin/cmake --build /home/andre/ros2_ws/src/build/sjtu_drone_description -- -j2 -l2
[14.387s] [ 25%] [32mBuilding CXX object CMakeFiles/plugin_drone.dir/src/plugin_drone.cpp.o[0m
[14.424s] [ 50%] [32mBuilding CXX object CMakeFiles/plugin_drone.dir/src/plugin_drone_private.cpp.o[0m
[16.355s] gmake[2]: *** [CMakeFiles/plugin_drone.dir/build.make:76: CMakeFiles/plugin_drone.dir/src/plugin_drone.cpp.o] Interrupt
[16.356s] gmake[2]: *** [CMakeFiles/plugin_drone.dir/build.make:90: CMakeFiles/plugin_drone.dir/src/plugin_drone_private.cpp.o] Interrupt
[16.356s] gmake[1]: *** wait: No child processes.  Stop.
[16.356s] gmake[1]: *** Waiting for unfinished jobs....
[16.356s] gmake[1]: *** wait: No child processes.  Stop.
[16.356s] gmake: *** wait: No child processes.  Stop.
[16.356s] gmake: *** Waiting for unfinished jobs....
[16.356s] gmake: *** wait: No child processes.  Stop.
[16.371s] Invoked command in '/home/andre/ros2_ws/src/build/sjtu_drone_description' returned '-2': CMAKE_PREFIX_PATH=${CMAKE_PREFIX_PATH}:/home/andre/ros2_ws/install/sjtu_drone_control:/home/andre/ros2_ws/install/sjtu_drone_bringup:/home/andre/ros2_ws/install/pose_estimator:/home/andre/ros2_ws/install/launch_pkg:/home/andre/ros2_ws/install/drone_controller:/opt/ros/humble /usr/bin/cmake --build /home/andre/ros2_ws/src/build/sjtu_drone_description -- -j2 -l2
