running develop
running egg_info
creating pose_estimator.egg-info
writing pose_estimator.egg-info/PKG-INFO
writing dependency_links to pose_estimator.egg-info/dependency_links.txt
writing entry points to pose_estimator.egg-info/entry_points.txt
writing requirements to pose_estimator.egg-info/requires.txt
writing top-level names to pose_estimator.egg-info/top_level.txt
writing manifest file 'pose_estimator.egg-info/SOURCES.txt'
reading manifest file 'pose_estimator.egg-info/SOURCES.txt'
writing manifest file 'pose_estimator.egg-info/SOURCES.txt'
running build_ext
Creating /home/andre/ros2_ws/src/install/pose_estimator/lib/python3.10/site-packages/pose-estimator.egg-link (link to .)

Installed /home/andre/ros2_ws/src/build/pose_estimator
running symlink_data
creating /home/andre/ros2_ws/src/install/pose_estimator/share/ament_index
creating /home/andre/ros2_ws/src/install/pose_estimator/share/ament_index/resource_index
creating /home/andre/ros2_ws/src/install/pose_estimator/share/ament_index/resource_index/packages
symbolically linking /home/andre/ros2_ws/src/build/pose_estimator/resource/pose_estimator -> /home/andre/ros2_ws/src/install/pose_estimator/share/ament_index/resource_index/packages
symbolically linking /home/andre/ros2_ws/src/build/pose_estimator/package.xml -> /home/andre/ros2_ws/src/install/pose_estimator/share/pose_estimator
