[1.305s] Invoking command in '/home/andre/ros2_ws/src/build/pose_estimator': PYTHONPATH=/home/andre/ros2_ws/src/build/pose_estimator/prefix_override:/usr/lib/python3/dist-packages/colcon_core/task/python/colcon_distutils_commands:/home/andre/ros2_ws/src/install/pose_estimator/lib/python3.10/site-packages:${PYTHONPATH} /usr/bin/python3 -W ignore:setup.py install is deprecated -W ignore:easy_install command is deprecated setup.py develop --editable --build-directory /home/andre/ros2_ws/src/build/pose_estimator/build --no-deps symlink_data
[1.827s] running develop
[2.148s] running egg_info
[2.150s] creating pose_estimator.egg-info
[2.177s] writing pose_estimator.egg-info/PKG-INFO
[2.188s] writing dependency_links to pose_estimator.egg-info/dependency_links.txt
[2.199s] writing entry points to pose_estimator.egg-info/entry_points.txt
[2.222s] writing requirements to pose_estimator.egg-info/requires.txt
[2.223s] writing top-level names to pose_estimator.egg-info/top_level.txt
[2.225s] writing manifest file 'pose_estimator.egg-info/SOURCES.txt'
[2.255s] reading manifest file 'pose_estimator.egg-info/SOURCES.txt'
[2.259s] writing manifest file 'pose_estimator.egg-info/SOURCES.txt'
[2.259s] running build_ext
[2.267s] Creating /home/andre/ros2_ws/src/install/pose_estimator/lib/python3.10/site-packages/pose-estimator.egg-link (link to .)
[2.268s] 
[2.268s] Installed /home/andre/ros2_ws/src/build/pose_estimator
[2.282s] running symlink_data
[2.282s] creating /home/andre/ros2_ws/src/install/pose_estimator/share/ament_index
[2.282s] creating /home/andre/ros2_ws/src/install/pose_estimator/share/ament_index/resource_index
[2.283s] creating /home/andre/ros2_ws/src/install/pose_estimator/share/ament_index/resource_index/packages
[2.361s] symbolically linking /home/andre/ros2_ws/src/build/pose_estimator/resource/pose_estimator -> /home/andre/ros2_ws/src/install/pose_estimator/share/ament_index/resource_index/packages
[2.361s] symbolically linking /home/andre/ros2_ws/src/build/pose_estimator/package.xml -> /home/andre/ros2_ws/src/install/pose_estimator/share/pose_estimator
[2.403s] Invoked command in '/home/andre/ros2_ws/src/build/pose_estimator' returned '0': PYTHONPATH=/home/andre/ros2_ws/src/build/pose_estimator/prefix_override:/usr/lib/python3/dist-packages/colcon_core/task/python/colcon_distutils_commands:/home/andre/ros2_ws/src/install/pose_estimator/lib/python3.10/site-packages:${PYTHONPATH} /usr/bin/python3 -W ignore:setup.py install is deprecated -W ignore:easy_install command is deprecated setup.py develop --editable --build-directory /home/andre/ros2_ws/src/build/pose_estimator/build --no-deps symlink_data
