[3.115s] Invoking command in '/home/andre/ros2_ws/src/build/sjtu_drone_control': PYTHONPATH=/home/andre/ros2_ws/src/build/sjtu_drone_control/prefix_override:/usr/lib/python3/dist-packages/colcon_core/task/python/colcon_distutils_commands:/home/andre/ros2_ws/src/install/sjtu_drone_control/lib/python3.10/site-packages:${PYTHONPATH} /usr/bin/python3 -W ignore:setup.py install is deprecated -W ignore:easy_install command is deprecated setup.py develop --editable --build-directory /home/andre/ros2_ws/src/build/sjtu_drone_control/build --no-deps symlink_data
[4.177s] running develop
[4.619s] running egg_info
[4.620s] creating sjtu_drone_control.egg-info
[4.621s] writing sjtu_drone_control.egg-info/PKG-INFO
[4.622s] writing dependency_links to sjtu_drone_control.egg-info/dependency_links.txt
[4.622s] writing entry points to sjtu_drone_control.egg-info/entry_points.txt
[4.623s] writing requirements to sjtu_drone_control.egg-info/requires.txt
[4.623s] writing top-level names to sjtu_drone_control.egg-info/top_level.txt
[4.627s] writing manifest file 'sjtu_drone_control.egg-info/SOURCES.txt'
[4.627s] reading manifest file 'sjtu_drone_control.egg-info/SOURCES.txt'
[4.629s] writing manifest file 'sjtu_drone_control.egg-info/SOURCES.txt'
[4.636s] running build_ext
[4.636s] Creating /home/andre/ros2_ws/src/install/sjtu_drone_control/lib/python3.10/site-packages/sjtu-drone-control.egg-link (link to .)
[4.638s] Installing drone_position_control script to /home/andre/ros2_ws/src/install/sjtu_drone_control/lib/sjtu_drone_control
[4.639s] Installing open_loop_control script to /home/andre/ros2_ws/src/install/sjtu_drone_control/lib/sjtu_drone_control
[4.640s] Installing teleop script to /home/andre/ros2_ws/src/install/sjtu_drone_control/lib/sjtu_drone_control
[4.640s] Installing teleop_joystick script to /home/andre/ros2_ws/src/install/sjtu_drone_control/lib/sjtu_drone_control
[4.641s] 
[4.641s] Installed /home/andre/ros2_ws/src/build/sjtu_drone_control
[4.642s] running symlink_data
[4.642s] creating /home/andre/ros2_ws/src/install/sjtu_drone_control/share/ament_index
[4.642s] creating /home/andre/ros2_ws/src/install/sjtu_drone_control/share/ament_index/resource_index
[4.643s] creating /home/andre/ros2_ws/src/install/sjtu_drone_control/share/ament_index/resource_index/packages
[4.643s] symbolically linking /home/andre/ros2_ws/src/build/sjtu_drone_control/resource/sjtu_drone_control -> /home/andre/ros2_ws/src/install/sjtu_drone_control/share/ament_index/resource_index/packages
[4.701s] symbolically linking /home/andre/ros2_ws/src/build/sjtu_drone_control/package.xml -> /home/andre/ros2_ws/src/install/sjtu_drone_control/share/sjtu_drone_control
[4.717s] Invoked command in '/home/andre/ros2_ws/src/build/sjtu_drone_control' returned '0': PYTHONPATH=/home/andre/ros2_ws/src/build/sjtu_drone_control/prefix_override:/usr/lib/python3/dist-packages/colcon_core/task/python/colcon_distutils_commands:/home/andre/ros2_ws/src/install/sjtu_drone_control/lib/python3.10/site-packages:${PYTHONPATH} /usr/bin/python3 -W ignore:setup.py install is deprecated -W ignore:easy_install command is deprecated setup.py develop --editable --build-directory /home/andre/ros2_ws/src/build/sjtu_drone_control/build --no-deps symlink_data
