[0.216s] DEBUG:colcon:Command line arguments: ['/usr/bin/colcon', 'build', '--symlink-install']
[0.216s] DEBUG:colcon:Parsed command line arguments: Namespace(log_base=None, log_level=None, verb_name='build', build_base='build', install_base='install', merge_install=False, symlink_install=True, test_result_base=None, continue_on_error=False, executor='parallel', parallel_workers=2, event_handlers=None, ignore_user_meta=False, metas=['./colcon.meta'], base_paths=['.'], packages_ignore=None, packages_ignore_regex=None, paths=None, packages_up_to=None, packages_up_to_regex=None, packages_above=None, packages_above_and_dependencies=None, packages_above_depth=None, packages_select_by_dep=None, packages_skip_by_dep=None, packages_skip_up_to=None, packages_select_build_failed=False, packages_skip_build_finished=False, packages_select_test_failures=False, packages_skip_test_passed=False, packages_select=None, packages_skip=None, packages_select_regex=None, packages_skip_regex=None, packages_start=None, packages_end=None, allow_overriding=[], cmake_args=None, cmake_target=None, cmake_target_skip_unavailable=False, cmake_clean_cache=False, cmake_clean_first=False, cmake_force_configure=False, ament_cmake_args=None, catkin_cmake_args=None, catkin_skip_building_tests=False, mixin_files=None, mixin=None, verb_parser=<colcon_mixin.mixin.mixin_argument.MixinArgumentDecorator object at 0x7845813671c0>, verb_extension=<colcon_core.verb.build.BuildVerb object at 0x784581366560>, main=<bound method BuildVerb.main of <colcon_core.verb.build.BuildVerb object at 0x784581366560>>, mixin_verb=('build',))
[0.525s] Level 1:colcon.colcon_core.package_discovery:discover_packages(colcon_meta) check parameters
[0.525s] Level 1:colcon.colcon_core.package_discovery:discover_packages(recursive) check parameters
[0.525s] Level 1:colcon.colcon_core.package_discovery:discover_packages(ignore) check parameters
[0.525s] Level 1:colcon.colcon_core.package_discovery:discover_packages(path) check parameters
[0.525s] Level 1:colcon.colcon_core.package_discovery:discover_packages(colcon_meta) discover
[0.525s] Level 1:colcon.colcon_core.package_discovery:discover_packages(recursive) discover
[0.525s] INFO:colcon.colcon_core.package_discovery:Crawling recursively for packages in '/home/andre/ros2_ws/src'
[0.525s] Level 1:colcon.colcon_core.package_identification:_identify(.) by extensions ['ignore', 'ignore_ament_install']
[0.526s] Level 1:colcon.colcon_core.package_identification:_identify(.) by extension 'ignore'
[0.526s] Level 1:colcon.colcon_core.package_identification:_identify(.) by extension 'ignore_ament_install'
[0.526s] Level 1:colcon.colcon_core.package_identification:_identify(.) by extensions ['colcon_pkg']
[0.526s] Level 1:colcon.colcon_core.package_identification:_identify(.) by extension 'colcon_pkg'
[0.526s] Level 1:colcon.colcon_core.package_identification:_identify(.) by extensions ['colcon_meta']
[0.526s] Level 1:colcon.colcon_core.package_identification:_identify(.) by extension 'colcon_meta'
[0.526s] Level 1:colcon.colcon_core.package_identification:_identify(.) by extensions ['ros']
[0.526s] Level 1:colcon.colcon_core.package_identification:_identify(.) by extension 'ros'
[0.546s] Level 1:colcon.colcon_core.package_identification:_identify(.) by extensions ['cmake', 'python']
[0.546s] Level 1:colcon.colcon_core.package_identification:_identify(.) by extension 'cmake'
[0.546s] Level 1:colcon.colcon_core.package_identification:_identify(.) by extension 'python'
[0.546s] Level 1:colcon.colcon_core.package_identification:_identify(.) by extensions ['python_setup_py']
[0.546s] Level 1:colcon.colcon_core.package_identification:_identify(.) by extension 'python_setup_py'
[0.546s] Level 1:colcon.colcon_core.package_identification:_identify(build) by extensions ['ignore', 'ignore_ament_install']
[0.547s] Level 1:colcon.colcon_core.package_identification:_identify(build) by extension 'ignore'
[0.547s] Level 1:colcon.colcon_core.package_identification:_identify(build) ignored
[0.547s] Level 1:colcon.colcon_core.package_identification:_identify(drone_controller) by extensions ['ignore', 'ignore_ament_install']
[0.547s] Level 1:colcon.colcon_core.package_identification:_identify(drone_controller) by extension 'ignore'
[0.547s] Level 1:colcon.colcon_core.package_identification:_identify(drone_controller) by extension 'ignore_ament_install'
[0.547s] Level 1:colcon.colcon_core.package_identification:_identify(drone_controller) by extensions ['colcon_pkg']
[0.547s] Level 1:colcon.colcon_core.package_identification:_identify(drone_controller) by extension 'colcon_pkg'
[0.547s] Level 1:colcon.colcon_core.package_identification:_identify(drone_controller) by extensions ['colcon_meta']
[0.547s] Level 1:colcon.colcon_core.package_identification:_identify(drone_controller) by extension 'colcon_meta'
[0.548s] Level 1:colcon.colcon_core.package_identification:_identify(drone_controller) by extensions ['ros']
[0.548s] Level 1:colcon.colcon_core.package_identification:_identify(drone_controller) by extension 'ros'
[0.552s] DEBUG:colcon.colcon_core.package_identification:Package 'drone_controller' with type 'ros.ament_python' and name 'drone_controller'
[0.553s] Level 1:colcon.colcon_core.package_identification:_identify(install) by extensions ['ignore', 'ignore_ament_install']
[0.553s] Level 1:colcon.colcon_core.package_identification:_identify(install) by extension 'ignore'
[0.553s] Level 1:colcon.colcon_core.package_identification:_identify(install) ignored
[0.553s] Level 1:colcon.colcon_core.package_identification:_identify(launch_pkg) by extensions ['ignore', 'ignore_ament_install']
[0.554s] Level 1:colcon.colcon_core.package_identification:_identify(launch_pkg) by extension 'ignore'
[0.554s] Level 1:colcon.colcon_core.package_identification:_identify(launch_pkg) by extension 'ignore_ament_install'
[0.554s] Level 1:colcon.colcon_core.package_identification:_identify(launch_pkg) by extensions ['colcon_pkg']
[0.554s] Level 1:colcon.colcon_core.package_identification:_identify(launch_pkg) by extension 'colcon_pkg'
[0.554s] Level 1:colcon.colcon_core.package_identification:_identify(launch_pkg) by extensions ['colcon_meta']
[0.554s] Level 1:colcon.colcon_core.package_identification:_identify(launch_pkg) by extension 'colcon_meta'
[0.554s] Level 1:colcon.colcon_core.package_identification:_identify(launch_pkg) by extensions ['ros']
[0.554s] Level 1:colcon.colcon_core.package_identification:_identify(launch_pkg) by extension 'ros'
[0.555s] DEBUG:colcon.colcon_core.package_identification:Package 'launch_pkg' with type 'ros.ament_python' and name 'launch_pkg'
[0.555s] Level 1:colcon.colcon_core.package_identification:_identify(log) by extensions ['ignore', 'ignore_ament_install']
[0.556s] Level 1:colcon.colcon_core.package_identification:_identify(log) by extension 'ignore'
[0.556s] Level 1:colcon.colcon_core.package_identification:_identify(log) ignored
[0.556s] Level 1:colcon.colcon_core.package_identification:_identify(pose_estimator) by extensions ['ignore', 'ignore_ament_install']
[0.556s] Level 1:colcon.colcon_core.package_identification:_identify(pose_estimator) by extension 'ignore'
[0.556s] Level 1:colcon.colcon_core.package_identification:_identify(pose_estimator) by extension 'ignore_ament_install'
[0.556s] Level 1:colcon.colcon_core.package_identification:_identify(pose_estimator) by extensions ['colcon_pkg']
[0.556s] Level 1:colcon.colcon_core.package_identification:_identify(pose_estimator) by extension 'colcon_pkg'
[0.556s] Level 1:colcon.colcon_core.package_identification:_identify(pose_estimator) by extensions ['colcon_meta']
[0.556s] Level 1:colcon.colcon_core.package_identification:_identify(pose_estimator) by extension 'colcon_meta'
[0.556s] Level 1:colcon.colcon_core.package_identification:_identify(pose_estimator) by extensions ['ros']
[0.556s] Level 1:colcon.colcon_core.package_identification:_identify(pose_estimator) by extension 'ros'
[0.558s] DEBUG:colcon.colcon_core.package_identification:Package 'pose_estimator' with type 'ros.ament_python' and name 'pose_estimator'
[0.558s] Level 1:colcon.colcon_core.package_identification:_identify(sjtu_drone) by extensions ['ignore', 'ignore_ament_install']
[0.558s] Level 1:colcon.colcon_core.package_identification:_identify(sjtu_drone) by extension 'ignore'
[0.558s] Level 1:colcon.colcon_core.package_identification:_identify(sjtu_drone) by extension 'ignore_ament_install'
[0.558s] Level 1:colcon.colcon_core.package_identification:_identify(sjtu_drone) by extensions ['colcon_pkg']
[0.558s] Level 1:colcon.colcon_core.package_identification:_identify(sjtu_drone) by extension 'colcon_pkg'
[0.559s] Level 1:colcon.colcon_core.package_identification:_identify(sjtu_drone) by extensions ['colcon_meta']
[0.559s] Level 1:colcon.colcon_core.package_identification:_identify(sjtu_drone) by extension 'colcon_meta'
[0.559s] Level 1:colcon.colcon_core.package_identification:_identify(sjtu_drone) by extensions ['ros']
[0.559s] Level 1:colcon.colcon_core.package_identification:_identify(sjtu_drone) by extension 'ros'
[0.559s] Level 1:colcon.colcon_core.package_identification:_identify(sjtu_drone) by extensions ['cmake', 'python']
[0.559s] Level 1:colcon.colcon_core.package_identification:_identify(sjtu_drone) by extension 'cmake'
[0.559s] Level 1:colcon.colcon_core.package_identification:_identify(sjtu_drone) by extension 'python'
[0.559s] Level 1:colcon.colcon_core.package_identification:_identify(sjtu_drone) by extensions ['python_setup_py']
[0.559s] Level 1:colcon.colcon_core.package_identification:_identify(sjtu_drone) by extension 'python_setup_py'
[0.560s] Level 1:colcon.colcon_core.package_identification:_identify(sjtu_drone/imgs) by extensions ['ignore', 'ignore_ament_install']
[0.560s] Level 1:colcon.colcon_core.package_identification:_identify(sjtu_drone/imgs) by extension 'ignore'
[0.560s] Level 1:colcon.colcon_core.package_identification:_identify(sjtu_drone/imgs) by extension 'ignore_ament_install'
[0.560s] Level 1:colcon.colcon_core.package_identification:_identify(sjtu_drone/imgs) by extensions ['colcon_pkg']
[0.560s] Level 1:colcon.colcon_core.package_identification:_identify(sjtu_drone/imgs) by extension 'colcon_pkg'
[0.560s] Level 1:colcon.colcon_core.package_identification:_identify(sjtu_drone/imgs) by extensions ['colcon_meta']
[0.560s] Level 1:colcon.colcon_core.package_identification:_identify(sjtu_drone/imgs) by extension 'colcon_meta'
[0.560s] Level 1:colcon.colcon_core.package_identification:_identify(sjtu_drone/imgs) by extensions ['ros']
[0.560s] Level 1:colcon.colcon_core.package_identification:_identify(sjtu_drone/imgs) by extension 'ros'
[0.560s] Level 1:colcon.colcon_core.package_identification:_identify(sjtu_drone/imgs) by extensions ['cmake', 'python']
[0.560s] Level 1:colcon.colcon_core.package_identification:_identify(sjtu_drone/imgs) by extension 'cmake'
[0.560s] Level 1:colcon.colcon_core.package_identification:_identify(sjtu_drone/imgs) by extension 'python'
[0.560s] Level 1:colcon.colcon_core.package_identification:_identify(sjtu_drone/imgs) by extensions ['python_setup_py']
[0.560s] Level 1:colcon.colcon_core.package_identification:_identify(sjtu_drone/imgs) by extension 'python_setup_py'
[0.561s] Level 1:colcon.colcon_core.package_identification:_identify(sjtu_drone/sjtu_drone_bringup) by extensions ['ignore', 'ignore_ament_install']
[0.561s] Level 1:colcon.colcon_core.package_identification:_identify(sjtu_drone/sjtu_drone_bringup) by extension 'ignore'
[0.561s] Level 1:colcon.colcon_core.package_identification:_identify(sjtu_drone/sjtu_drone_bringup) by extension 'ignore_ament_install'
[0.561s] Level 1:colcon.colcon_core.package_identification:_identify(sjtu_drone/sjtu_drone_bringup) by extensions ['colcon_pkg']
[0.561s] Level 1:colcon.colcon_core.package_identification:_identify(sjtu_drone/sjtu_drone_bringup) by extension 'colcon_pkg'
[0.561s] Level 1:colcon.colcon_core.package_identification:_identify(sjtu_drone/sjtu_drone_bringup) by extensions ['colcon_meta']
[0.561s] Level 1:colcon.colcon_core.package_identification:_identify(sjtu_drone/sjtu_drone_bringup) by extension 'colcon_meta'
[0.561s] Level 1:colcon.colcon_core.package_identification:_identify(sjtu_drone/sjtu_drone_bringup) by extensions ['ros']
[0.561s] Level 1:colcon.colcon_core.package_identification:_identify(sjtu_drone/sjtu_drone_bringup) by extension 'ros'
[0.563s] DEBUG:colcon.colcon_core.package_identification:Package 'sjtu_drone/sjtu_drone_bringup' with type 'ros.ament_python' and name 'sjtu_drone_bringup'
[0.564s] Level 1:colcon.colcon_core.package_identification:_identify(sjtu_drone/sjtu_drone_control) by extensions ['ignore', 'ignore_ament_install']
[0.564s] Level 1:colcon.colcon_core.package_identification:_identify(sjtu_drone/sjtu_drone_control) by extension 'ignore'
[0.565s] Level 1:colcon.colcon_core.package_identification:_identify(sjtu_drone/sjtu_drone_control) by extension 'ignore_ament_install'
[0.565s] Level 1:colcon.colcon_core.package_identification:_identify(sjtu_drone/sjtu_drone_control) by extensions ['colcon_pkg']
[0.565s] Level 1:colcon.colcon_core.package_identification:_identify(sjtu_drone/sjtu_drone_control) by extension 'colcon_pkg'
[0.565s] Level 1:colcon.colcon_core.package_identification:_identify(sjtu_drone/sjtu_drone_control) by extensions ['colcon_meta']
[0.565s] Level 1:colcon.colcon_core.package_identification:_identify(sjtu_drone/sjtu_drone_control) by extension 'colcon_meta'
[0.565s] Level 1:colcon.colcon_core.package_identification:_identify(sjtu_drone/sjtu_drone_control) by extensions ['ros']
[0.565s] Level 1:colcon.colcon_core.package_identification:_identify(sjtu_drone/sjtu_drone_control) by extension 'ros'
[0.566s] DEBUG:colcon.colcon_core.package_identification:Package 'sjtu_drone/sjtu_drone_control' with type 'ros.ament_python' and name 'sjtu_drone_control'
[0.567s] Level 1:colcon.colcon_core.package_identification:_identify(sjtu_drone/sjtu_drone_description) by extensions ['ignore', 'ignore_ament_install']
[0.567s] Level 1:colcon.colcon_core.package_identification:_identify(sjtu_drone/sjtu_drone_description) by extension 'ignore'
[0.567s] Level 1:colcon.colcon_core.package_identification:_identify(sjtu_drone/sjtu_drone_description) by extension 'ignore_ament_install'
[0.567s] Level 1:colcon.colcon_core.package_identification:_identify(sjtu_drone/sjtu_drone_description) by extensions ['colcon_pkg']
[0.567s] Level 1:colcon.colcon_core.package_identification:_identify(sjtu_drone/sjtu_drone_description) by extension 'colcon_pkg'
[0.567s] Level 1:colcon.colcon_core.package_identification:_identify(sjtu_drone/sjtu_drone_description) by extensions ['colcon_meta']
[0.567s] Level 1:colcon.colcon_core.package_identification:_identify(sjtu_drone/sjtu_drone_description) by extension 'colcon_meta'
[0.567s] Level 1:colcon.colcon_core.package_identification:_identify(sjtu_drone/sjtu_drone_description) by extensions ['ros']
[0.567s] Level 1:colcon.colcon_core.package_identification:_identify(sjtu_drone/sjtu_drone_description) by extension 'ros'
[0.569s] DEBUG:colcon.colcon_core.package_identification:Package 'sjtu_drone/sjtu_drone_description' with type 'ros.ament_cmake' and name 'sjtu_drone_description'
[0.570s] Level 1:colcon.colcon_core.package_discovery:discover_packages(recursive) using defaults
[0.570s] Level 1:colcon.colcon_core.package_discovery:discover_packages(ignore) discover
[0.570s] Level 1:colcon.colcon_core.package_discovery:discover_packages(ignore) using defaults
[0.570s] Level 1:colcon.colcon_core.package_discovery:discover_packages(path) discover
[0.570s] Level 1:colcon.colcon_core.package_discovery:discover_packages(path) using defaults
[0.635s] Level 1:colcon.colcon_core.package_discovery:discover_packages(prefix_path) check parameters
[0.635s] Level 1:colcon.colcon_core.package_discovery:discover_packages(prefix_path) discover
[0.639s] DEBUG:colcon.colcon_installed_package_information.package_discovery:Found 6 installed packages in /home/andre/ros2_ws/install
[0.641s] DEBUG:colcon.colcon_installed_package_information.package_discovery:Found 319 installed packages in /opt/ros/humble
[0.644s] Level 1:colcon.colcon_core.package_discovery:discover_packages(prefix_path) using defaults
[0.714s] Level 5:colcon.colcon_core.verb:set package 'drone_controller' build argument 'cmake_args' from command line to 'None'
[0.714s] Level 5:colcon.colcon_core.verb:set package 'drone_controller' build argument 'cmake_target' from command line to 'None'
[0.714s] Level 5:colcon.colcon_core.verb:set package 'drone_controller' build argument 'cmake_target_skip_unavailable' from command line to 'False'
[0.714s] Level 5:colcon.colcon_core.verb:set package 'drone_controller' build argument 'cmake_clean_cache' from command line to 'False'
[0.714s] Level 5:colcon.colcon_core.verb:set package 'drone_controller' build argument 'cmake_clean_first' from command line to 'False'
[0.714s] Level 5:colcon.colcon_core.verb:set package 'drone_controller' build argument 'cmake_force_configure' from command line to 'False'
[0.714s] Level 5:colcon.colcon_core.verb:set package 'drone_controller' build argument 'ament_cmake_args' from command line to 'None'
[0.714s] Level 5:colcon.colcon_core.verb:set package 'drone_controller' build argument 'catkin_cmake_args' from command line to 'None'
[0.714s] Level 5:colcon.colcon_core.verb:set package 'drone_controller' build argument 'catkin_skip_building_tests' from command line to 'False'
[0.714s] DEBUG:colcon.colcon_core.verb:Building package 'drone_controller' with the following arguments: {'ament_cmake_args': None, 'build_base': '/home/andre/ros2_ws/src/build/drone_controller', 'catkin_cmake_args': None, 'catkin_skip_building_tests': False, 'cmake_args': None, 'cmake_clean_cache': False, 'cmake_clean_first': False, 'cmake_force_configure': False, 'cmake_target': None, 'cmake_target_skip_unavailable': False, 'install_base': '/home/andre/ros2_ws/src/install/drone_controller', 'merge_install': False, 'path': '/home/andre/ros2_ws/src/drone_controller', 'symlink_install': True, 'test_result_base': None}
[0.715s] Level 5:colcon.colcon_core.verb:set package 'launch_pkg' build argument 'cmake_args' from command line to 'None'
[0.715s] Level 5:colcon.colcon_core.verb:set package 'launch_pkg' build argument 'cmake_target' from command line to 'None'
[0.715s] Level 5:colcon.colcon_core.verb:set package 'launch_pkg' build argument 'cmake_target_skip_unavailable' from command line to 'False'
[0.715s] Level 5:colcon.colcon_core.verb:set package 'launch_pkg' build argument 'cmake_clean_cache' from command line to 'False'
[0.715s] Level 5:colcon.colcon_core.verb:set package 'launch_pkg' build argument 'cmake_clean_first' from command line to 'False'
[0.715s] Level 5:colcon.colcon_core.verb:set package 'launch_pkg' build argument 'cmake_force_configure' from command line to 'False'
[0.715s] Level 5:colcon.colcon_core.verb:set package 'launch_pkg' build argument 'ament_cmake_args' from command line to 'None'
[0.715s] Level 5:colcon.colcon_core.verb:set package 'launch_pkg' build argument 'catkin_cmake_args' from command line to 'None'
[0.715s] Level 5:colcon.colcon_core.verb:set package 'launch_pkg' build argument 'catkin_skip_building_tests' from command line to 'False'
[0.715s] DEBUG:colcon.colcon_core.verb:Building package 'launch_pkg' with the following arguments: {'ament_cmake_args': None, 'build_base': '/home/andre/ros2_ws/src/build/launch_pkg', 'catkin_cmake_args': None, 'catkin_skip_building_tests': False, 'cmake_args': None, 'cmake_clean_cache': False, 'cmake_clean_first': False, 'cmake_force_configure': False, 'cmake_target': None, 'cmake_target_skip_unavailable': False, 'install_base': '/home/andre/ros2_ws/src/install/launch_pkg', 'merge_install': False, 'path': '/home/andre/ros2_ws/src/launch_pkg', 'symlink_install': True, 'test_result_base': None}
[0.716s] Level 5:colcon.colcon_core.verb:set package 'pose_estimator' build argument 'cmake_args' from command line to 'None'
[0.716s] Level 5:colcon.colcon_core.verb:set package 'pose_estimator' build argument 'cmake_target' from command line to 'None'
[0.716s] Level 5:colcon.colcon_core.verb:set package 'pose_estimator' build argument 'cmake_target_skip_unavailable' from command line to 'False'
[0.716s] Level 5:colcon.colcon_core.verb:set package 'pose_estimator' build argument 'cmake_clean_cache' from command line to 'False'
[0.716s] Level 5:colcon.colcon_core.verb:set package 'pose_estimator' build argument 'cmake_clean_first' from command line to 'False'
[0.716s] Level 5:colcon.colcon_core.verb:set package 'pose_estimator' build argument 'cmake_force_configure' from command line to 'False'
[0.716s] Level 5:colcon.colcon_core.verb:set package 'pose_estimator' build argument 'ament_cmake_args' from command line to 'None'
[0.716s] Level 5:colcon.colcon_core.verb:set package 'pose_estimator' build argument 'catkin_cmake_args' from command line to 'None'
[0.716s] Level 5:colcon.colcon_core.verb:set package 'pose_estimator' build argument 'catkin_skip_building_tests' from command line to 'False'
[0.716s] DEBUG:colcon.colcon_core.verb:Building package 'pose_estimator' with the following arguments: {'ament_cmake_args': None, 'build_base': '/home/andre/ros2_ws/src/build/pose_estimator', 'catkin_cmake_args': None, 'catkin_skip_building_tests': False, 'cmake_args': None, 'cmake_clean_cache': False, 'cmake_clean_first': False, 'cmake_force_configure': False, 'cmake_target': None, 'cmake_target_skip_unavailable': False, 'install_base': '/home/andre/ros2_ws/src/install/pose_estimator', 'merge_install': False, 'path': '/home/andre/ros2_ws/src/pose_estimator', 'symlink_install': True, 'test_result_base': None}
[0.717s] Level 5:colcon.colcon_core.verb:set package 'sjtu_drone_bringup' build argument 'cmake_args' from command line to 'None'
[0.717s] Level 5:colcon.colcon_core.verb:set package 'sjtu_drone_bringup' build argument 'cmake_target' from command line to 'None'
[0.717s] Level 5:colcon.colcon_core.verb:set package 'sjtu_drone_bringup' build argument 'cmake_target_skip_unavailable' from command line to 'False'
[0.717s] Level 5:colcon.colcon_core.verb:set package 'sjtu_drone_bringup' build argument 'cmake_clean_cache' from command line to 'False'
[0.717s] Level 5:colcon.colcon_core.verb:set package 'sjtu_drone_bringup' build argument 'cmake_clean_first' from command line to 'False'
[0.717s] Level 5:colcon.colcon_core.verb:set package 'sjtu_drone_bringup' build argument 'cmake_force_configure' from command line to 'False'
[0.717s] Level 5:colcon.colcon_core.verb:set package 'sjtu_drone_bringup' build argument 'ament_cmake_args' from command line to 'None'
[0.717s] Level 5:colcon.colcon_core.verb:set package 'sjtu_drone_bringup' build argument 'catkin_cmake_args' from command line to 'None'
[0.717s] Level 5:colcon.colcon_core.verb:set package 'sjtu_drone_bringup' build argument 'catkin_skip_building_tests' from command line to 'False'
[0.717s] DEBUG:colcon.colcon_core.verb:Building package 'sjtu_drone_bringup' with the following arguments: {'ament_cmake_args': None, 'build_base': '/home/andre/ros2_ws/src/build/sjtu_drone_bringup', 'catkin_cmake_args': None, 'catkin_skip_building_tests': False, 'cmake_args': None, 'cmake_clean_cache': False, 'cmake_clean_first': False, 'cmake_force_configure': False, 'cmake_target': None, 'cmake_target_skip_unavailable': False, 'install_base': '/home/andre/ros2_ws/src/install/sjtu_drone_bringup', 'merge_install': False, 'path': '/home/andre/ros2_ws/src/sjtu_drone/sjtu_drone_bringup', 'symlink_install': True, 'test_result_base': None}
[0.718s] Level 5:colcon.colcon_core.verb:set package 'sjtu_drone_control' build argument 'cmake_args' from command line to 'None'
[0.718s] Level 5:colcon.colcon_core.verb:set package 'sjtu_drone_control' build argument 'cmake_target' from command line to 'None'
[0.718s] Level 5:colcon.colcon_core.verb:set package 'sjtu_drone_control' build argument 'cmake_target_skip_unavailable' from command line to 'False'
[0.718s] Level 5:colcon.colcon_core.verb:set package 'sjtu_drone_control' build argument 'cmake_clean_cache' from command line to 'False'
[0.718s] Level 5:colcon.colcon_core.verb:set package 'sjtu_drone_control' build argument 'cmake_clean_first' from command line to 'False'
[0.718s] Level 5:colcon.colcon_core.verb:set package 'sjtu_drone_control' build argument 'cmake_force_configure' from command line to 'False'
[0.718s] Level 5:colcon.colcon_core.verb:set package 'sjtu_drone_control' build argument 'ament_cmake_args' from command line to 'None'
[0.718s] Level 5:colcon.colcon_core.verb:set package 'sjtu_drone_control' build argument 'catkin_cmake_args' from command line to 'None'
[0.718s] Level 5:colcon.colcon_core.verb:set package 'sjtu_drone_control' build argument 'catkin_skip_building_tests' from command line to 'False'
[0.718s] DEBUG:colcon.colcon_core.verb:Building package 'sjtu_drone_control' with the following arguments: {'ament_cmake_args': None, 'build_base': '/home/andre/ros2_ws/src/build/sjtu_drone_control', 'catkin_cmake_args': None, 'catkin_skip_building_tests': False, 'cmake_args': None, 'cmake_clean_cache': False, 'cmake_clean_first': False, 'cmake_force_configure': False, 'cmake_target': None, 'cmake_target_skip_unavailable': False, 'install_base': '/home/andre/ros2_ws/src/install/sjtu_drone_control', 'merge_install': False, 'path': '/home/andre/ros2_ws/src/sjtu_drone/sjtu_drone_control', 'symlink_install': True, 'test_result_base': None}
[0.719s] Level 5:colcon.colcon_core.verb:set package 'sjtu_drone_description' build argument 'cmake_args' from command line to 'None'
[0.720s] Level 5:colcon.colcon_core.verb:set package 'sjtu_drone_description' build argument 'cmake_target' from command line to 'None'
[0.720s] Level 5:colcon.colcon_core.verb:set package 'sjtu_drone_description' build argument 'cmake_target_skip_unavailable' from command line to 'False'
[0.720s] Level 5:colcon.colcon_core.verb:set package 'sjtu_drone_description' build argument 'cmake_clean_cache' from command line to 'False'
[0.720s] Level 5:colcon.colcon_core.verb:set package 'sjtu_drone_description' build argument 'cmake_clean_first' from command line to 'False'
[0.720s] Level 5:colcon.colcon_core.verb:set package 'sjtu_drone_description' build argument 'cmake_force_configure' from command line to 'False'
[0.720s] Level 5:colcon.colcon_core.verb:set package 'sjtu_drone_description' build argument 'ament_cmake_args' from command line to 'None'
[0.720s] Level 5:colcon.colcon_core.verb:set package 'sjtu_drone_description' build argument 'catkin_cmake_args' from command line to 'None'
[0.720s] Level 5:colcon.colcon_core.verb:set package 'sjtu_drone_description' build argument 'catkin_skip_building_tests' from command line to 'False'
[0.720s] DEBUG:colcon.colcon_core.verb:Building package 'sjtu_drone_description' with the following arguments: {'ament_cmake_args': None, 'build_base': '/home/andre/ros2_ws/src/build/sjtu_drone_description', 'catkin_cmake_args': None, 'catkin_skip_building_tests': False, 'cmake_args': None, 'cmake_clean_cache': False, 'cmake_clean_first': False, 'cmake_force_configure': False, 'cmake_target': None, 'cmake_target_skip_unavailable': False, 'install_base': '/home/andre/ros2_ws/src/install/sjtu_drone_description', 'merge_install': False, 'path': '/home/andre/ros2_ws/src/sjtu_drone/sjtu_drone_description', 'symlink_install': True, 'test_result_base': None}
[0.720s] INFO:colcon.colcon_core.executor:Executing jobs using 'parallel' executor
[0.725s] DEBUG:colcon.colcon_parallel_executor.executor.parallel:run_until_complete
[0.726s] INFO:colcon.colcon_ros.task.ament_python.build:Building ROS package in '/home/andre/ros2_ws/src/drone_controller' with build type 'ament_python'
[0.726s] Level 1:colcon.colcon_core.shell:create_environment_hook('drone_controller', 'ament_prefix_path')
[0.739s] INFO:colcon.colcon_core.plugin_system:Skipping extension 'colcon_core.shell.bat': Not used on non-Windows systems
[0.740s] INFO:colcon.colcon_core.shell:Creating environment hook '/home/andre/ros2_ws/src/install/drone_controller/share/drone_controller/hook/ament_prefix_path.ps1'
[0.743s] INFO:colcon.colcon_core.shell:Creating environment descriptor '/home/andre/ros2_ws/src/install/drone_controller/share/drone_controller/hook/ament_prefix_path.dsv'
[0.744s] INFO:colcon.colcon_core.shell:Creating environment hook '/home/andre/ros2_ws/src/install/drone_controller/share/drone_controller/hook/ament_prefix_path.sh'
[0.746s] INFO:colcon.colcon_core.shell:Skip shell extension 'powershell' for command environment: Not usable outside of PowerShell
[0.746s] DEBUG:colcon.colcon_core.shell:Skip shell extension 'dsv' for command environment
[0.756s] INFO:colcon.colcon_ros.task.ament_python.build:Building ROS package in '/home/andre/ros2_ws/src/launch_pkg' with build type 'ament_python'
[0.757s] Level 1:colcon.colcon_core.shell:create_environment_hook('launch_pkg', 'ament_prefix_path')
[0.757s] INFO:colcon.colcon_core.shell:Creating environment hook '/home/andre/ros2_ws/src/install/launch_pkg/share/launch_pkg/hook/ament_prefix_path.ps1'
[0.759s] INFO:colcon.colcon_core.shell:Creating environment descriptor '/home/andre/ros2_ws/src/install/launch_pkg/share/launch_pkg/hook/ament_prefix_path.dsv'
[0.760s] INFO:colcon.colcon_core.shell:Creating environment hook '/home/andre/ros2_ws/src/install/launch_pkg/share/launch_pkg/hook/ament_prefix_path.sh'
[0.762s] INFO:colcon.colcon_core.shell:Skip shell extension 'powershell' for command environment: Not usable outside of PowerShell
[0.762s] DEBUG:colcon.colcon_core.shell:Skip shell extension 'dsv' for command environment
[1.354s] INFO:colcon.colcon_core.task.python.build:Building Python package in '/home/andre/ros2_ws/src/drone_controller'
[1.354s] INFO:colcon.colcon_core.shell:Skip shell extension 'powershell' for command environment: Not usable outside of PowerShell
[1.355s] DEBUG:colcon.colcon_core.shell:Skip shell extension 'dsv' for command environment
[1.738s] INFO:colcon.colcon_core.task.python.build:Building Python package in '/home/andre/ros2_ws/src/launch_pkg'
[1.738s] INFO:colcon.colcon_core.shell:Skip shell extension 'powershell' for command environment: Not usable outside of PowerShell
[1.738s] DEBUG:colcon.colcon_core.shell:Skip shell extension 'dsv' for command environment
[2.375s] DEBUG:colcon.colcon_core.event_handler.log_command:Invoking command in '/home/andre/ros2_ws/src/build/launch_pkg': PYTHONPATH=/home/andre/ros2_ws/src/build/launch_pkg/prefix_override:/usr/lib/python3/dist-packages/colcon_core/task/python/colcon_distutils_commands:/home/andre/ros2_ws/src/install/launch_pkg/lib/python3.10/site-packages:${PYTHONPATH} /usr/bin/python3 -W ignore:setup.py install is deprecated -W ignore:easy_install command is deprecated setup.py develop --editable --build-directory /home/andre/ros2_ws/src/build/launch_pkg/build --no-deps symlink_data
[2.515s] DEBUG:colcon.colcon_core.event_handler.log_command:Invoking command in '/home/andre/ros2_ws/src/build/drone_controller': PYTHONPATH=/home/andre/ros2_ws/src/build/drone_controller/prefix_override:/usr/lib/python3/dist-packages/colcon_core/task/python/colcon_distutils_commands:/home/andre/ros2_ws/src/install/drone_controller/lib/python3.10/site-packages:${PYTHONPATH} /usr/bin/python3 -W ignore:setup.py install is deprecated -W ignore:easy_install command is deprecated setup.py develop --editable --build-directory /home/andre/ros2_ws/src/build/drone_controller/build --no-deps symlink_data
[3.272s] Level 1:colcon.colcon_core.shell:create_environment_hook('launch_pkg', 'pythonpath_develop')
[3.272s] INFO:colcon.colcon_core.shell:Creating environment hook '/home/andre/ros2_ws/src/build/launch_pkg/share/launch_pkg/hook/pythonpath_develop.ps1'
[3.273s] INFO:colcon.colcon_core.shell:Creating environment descriptor '/home/andre/ros2_ws/src/build/launch_pkg/share/launch_pkg/hook/pythonpath_develop.dsv'
[3.274s] INFO:colcon.colcon_core.shell:Creating environment hook '/home/andre/ros2_ws/src/build/launch_pkg/share/launch_pkg/hook/pythonpath_develop.sh'
[3.280s] DEBUG:colcon.colcon_core.event_handler.log_command:Invoked command in '/home/andre/ros2_ws/src/build/launch_pkg' returned '0': PYTHONPATH=/home/andre/ros2_ws/src/build/launch_pkg/prefix_override:/usr/lib/python3/dist-packages/colcon_core/task/python/colcon_distutils_commands:/home/andre/ros2_ws/src/install/launch_pkg/lib/python3.10/site-packages:${PYTHONPATH} /usr/bin/python3 -W ignore:setup.py install is deprecated -W ignore:easy_install command is deprecated setup.py develop --editable --build-directory /home/andre/ros2_ws/src/build/launch_pkg/build --no-deps symlink_data
[3.283s] Level 1:colcon.colcon_core.environment:checking '/home/andre/ros2_ws/src/install/launch_pkg' for CMake module files
[3.284s] Level 1:colcon.colcon_core.environment:checking '/home/andre/ros2_ws/src/install/launch_pkg' for CMake config files
[3.285s] Level 1:colcon.colcon_core.environment:checking '/home/andre/ros2_ws/src/install/launch_pkg/lib'
[3.285s] Level 1:colcon.colcon_core.environment:checking '/home/andre/ros2_ws/src/install/launch_pkg/bin'
[3.286s] Level 1:colcon.colcon_core.environment:checking '/home/andre/ros2_ws/src/install/launch_pkg/lib/pkgconfig/launch_pkg.pc'
[3.286s] Level 1:colcon.colcon_core.environment:checking '/home/andre/ros2_ws/src/install/launch_pkg/lib/python3.10/site-packages'
[3.286s] Level 1:colcon.colcon_core.shell:create_environment_hook('launch_pkg', 'pythonpath')
[3.287s] INFO:colcon.colcon_core.shell:Creating environment hook '/home/andre/ros2_ws/src/install/launch_pkg/share/launch_pkg/hook/pythonpath.ps1'
[3.288s] INFO:colcon.colcon_core.shell:Creating environment descriptor '/home/andre/ros2_ws/src/install/launch_pkg/share/launch_pkg/hook/pythonpath.dsv'
[3.289s] INFO:colcon.colcon_core.shell:Creating environment hook '/home/andre/ros2_ws/src/install/launch_pkg/share/launch_pkg/hook/pythonpath.sh'
[3.290s] Level 1:colcon.colcon_core.environment:checking '/home/andre/ros2_ws/src/install/launch_pkg/bin'
[3.290s] Level 1:colcon.colcon_core.environment:create_environment_scripts_only(launch_pkg)
[3.291s] INFO:colcon.colcon_core.shell:Creating package script '/home/andre/ros2_ws/src/install/launch_pkg/share/launch_pkg/package.ps1'
[3.293s] INFO:colcon.colcon_core.shell:Creating package descriptor '/home/andre/ros2_ws/src/install/launch_pkg/share/launch_pkg/package.dsv'
[3.294s] INFO:colcon.colcon_core.shell:Creating package script '/home/andre/ros2_ws/src/install/launch_pkg/share/launch_pkg/package.sh'
[3.296s] INFO:colcon.colcon_core.shell:Creating package script '/home/andre/ros2_ws/src/install/launch_pkg/share/launch_pkg/package.bash'
[3.297s] INFO:colcon.colcon_core.shell:Creating package script '/home/andre/ros2_ws/src/install/launch_pkg/share/launch_pkg/package.zsh'
[3.300s] Level 1:colcon.colcon_core.environment:create_file_with_runtime_dependencies(/home/andre/ros2_ws/src/install/launch_pkg/share/colcon-core/packages/launch_pkg)
[3.301s] INFO:colcon.colcon_ros.task.ament_python.build:Building ROS package in '/home/andre/ros2_ws/src/pose_estimator' with build type 'ament_python'
[3.301s] Level 1:colcon.colcon_core.shell:create_environment_hook('pose_estimator', 'ament_prefix_path')
[3.301s] INFO:colcon.colcon_core.shell:Creating environment hook '/home/andre/ros2_ws/src/install/pose_estimator/share/pose_estimator/hook/ament_prefix_path.ps1'
[3.303s] INFO:colcon.colcon_core.shell:Creating environment descriptor '/home/andre/ros2_ws/src/install/pose_estimator/share/pose_estimator/hook/ament_prefix_path.dsv'
[3.304s] INFO:colcon.colcon_core.shell:Creating environment hook '/home/andre/ros2_ws/src/install/pose_estimator/share/pose_estimator/hook/ament_prefix_path.sh'
[3.305s] INFO:colcon.colcon_core.shell:Skip shell extension 'powershell' for command environment: Not usable outside of PowerShell
[3.305s] DEBUG:colcon.colcon_core.shell:Skip shell extension 'dsv' for command environment
[3.910s] INFO:colcon.colcon_core.task.python.build:Building Python package in '/home/andre/ros2_ws/src/pose_estimator'
[3.934s] INFO:colcon.colcon_core.shell:Skip shell extension 'powershell' for command environment: Not usable outside of PowerShell
[3.936s] DEBUG:colcon.colcon_core.shell:Skip shell extension 'dsv' for command environment
[3.954s] Level 1:colcon.colcon_core.shell:create_environment_hook('drone_controller', 'pythonpath_develop')
[3.954s] INFO:colcon.colcon_core.shell:Creating environment hook '/home/andre/ros2_ws/src/build/drone_controller/share/drone_controller/hook/pythonpath_develop.ps1'
[3.955s] INFO:colcon.colcon_core.shell:Creating environment descriptor '/home/andre/ros2_ws/src/build/drone_controller/share/drone_controller/hook/pythonpath_develop.dsv'
[3.955s] INFO:colcon.colcon_core.shell:Creating environment hook '/home/andre/ros2_ws/src/build/drone_controller/share/drone_controller/hook/pythonpath_develop.sh'
[3.956s] Level 1:colcon.colcon_core.environment:checking '/home/andre/ros2_ws/src/install/drone_controller' for CMake module files
[3.957s] Level 1:colcon.colcon_core.environment:checking '/home/andre/ros2_ws/src/install/drone_controller' for CMake config files
[3.957s] Level 1:colcon.colcon_core.environment:checking '/home/andre/ros2_ws/src/install/drone_controller/lib'
[3.957s] Level 1:colcon.colcon_core.environment:checking '/home/andre/ros2_ws/src/install/drone_controller/bin'
[3.957s] Level 1:colcon.colcon_core.environment:checking '/home/andre/ros2_ws/src/install/drone_controller/lib/pkgconfig/drone_controller.pc'
[3.958s] Level 1:colcon.colcon_core.environment:checking '/home/andre/ros2_ws/src/install/drone_controller/lib/python3.10/site-packages'
[3.958s] Level 1:colcon.colcon_core.shell:create_environment_hook('drone_controller', 'pythonpath')
[3.958s] INFO:colcon.colcon_core.shell:Creating environment hook '/home/andre/ros2_ws/src/install/drone_controller/share/drone_controller/hook/pythonpath.ps1'
[3.958s] INFO:colcon.colcon_core.shell:Creating environment descriptor '/home/andre/ros2_ws/src/install/drone_controller/share/drone_controller/hook/pythonpath.dsv'
[3.959s] INFO:colcon.colcon_core.shell:Creating environment hook '/home/andre/ros2_ws/src/install/drone_controller/share/drone_controller/hook/pythonpath.sh'
[3.960s] Level 1:colcon.colcon_core.environment:checking '/home/andre/ros2_ws/src/install/drone_controller/bin'
[3.960s] Level 1:colcon.colcon_core.environment:create_environment_scripts_only(drone_controller)
[3.960s] INFO:colcon.colcon_core.shell:Creating package script '/home/andre/ros2_ws/src/install/drone_controller/share/drone_controller/package.ps1'
[3.961s] INFO:colcon.colcon_core.shell:Creating package descriptor '/home/andre/ros2_ws/src/install/drone_controller/share/drone_controller/package.dsv'
[3.961s] INFO:colcon.colcon_core.shell:Creating package script '/home/andre/ros2_ws/src/install/drone_controller/share/drone_controller/package.sh'
[3.962s] INFO:colcon.colcon_core.shell:Creating package script '/home/andre/ros2_ws/src/install/drone_controller/share/drone_controller/package.bash'
[3.963s] INFO:colcon.colcon_core.shell:Creating package script '/home/andre/ros2_ws/src/install/drone_controller/share/drone_controller/package.zsh'
[3.963s] Level 1:colcon.colcon_core.environment:create_file_with_runtime_dependencies(/home/andre/ros2_ws/src/install/drone_controller/share/colcon-core/packages/drone_controller)
[3.967s] INFO:colcon.colcon_ros.task.ament_python.build:Building ROS package in '/home/andre/ros2_ws/src/sjtu_drone/sjtu_drone_bringup' with build type 'ament_python'
[3.967s] Level 1:colcon.colcon_core.shell:create_environment_hook('sjtu_drone_bringup', 'ament_prefix_path')
[3.968s] INFO:colcon.colcon_core.shell:Creating environment hook '/home/andre/ros2_ws/src/install/sjtu_drone_bringup/share/sjtu_drone_bringup/hook/ament_prefix_path.ps1'
[3.970s] INFO:colcon.colcon_core.shell:Creating environment descriptor '/home/andre/ros2_ws/src/install/sjtu_drone_bringup/share/sjtu_drone_bringup/hook/ament_prefix_path.dsv'
[3.973s] DEBUG:colcon.colcon_core.event_handler.log_command:Invoked command in '/home/andre/ros2_ws/src/build/drone_controller' returned '0': PYTHONPATH=/home/andre/ros2_ws/src/build/drone_controller/prefix_override:/usr/lib/python3/dist-packages/colcon_core/task/python/colcon_distutils_commands:/home/andre/ros2_ws/src/install/drone_controller/lib/python3.10/site-packages:${PYTHONPATH} /usr/bin/python3 -W ignore:setup.py install is deprecated -W ignore:easy_install command is deprecated setup.py develop --editable --build-directory /home/andre/ros2_ws/src/build/drone_controller/build --no-deps symlink_data
[3.975s] INFO:colcon.colcon_core.shell:Creating environment hook '/home/andre/ros2_ws/src/install/sjtu_drone_bringup/share/sjtu_drone_bringup/hook/ament_prefix_path.sh'
[3.982s] INFO:colcon.colcon_core.shell:Skip shell extension 'powershell' for command environment: Not usable outside of PowerShell
[3.982s] DEBUG:colcon.colcon_core.shell:Skip shell extension 'dsv' for command environment
[4.458s] INFO:colcon.colcon_core.task.python.build:Building Python package in '/home/andre/ros2_ws/src/sjtu_drone/sjtu_drone_bringup'
[4.458s] INFO:colcon.colcon_core.shell:Skip shell extension 'powershell' for command environment: Not usable outside of PowerShell
[4.458s] DEBUG:colcon.colcon_core.shell:Skip shell extension 'dsv' for command environment
[4.774s] DEBUG:colcon.colcon_core.event_handler.log_command:Invoking command in '/home/andre/ros2_ws/src/build/pose_estimator': PYTHONPATH=/home/andre/ros2_ws/src/build/pose_estimator/prefix_override:/usr/lib/python3/dist-packages/colcon_core/task/python/colcon_distutils_commands:/home/andre/ros2_ws/src/install/pose_estimator/lib/python3.10/site-packages:${PYTHONPATH} /usr/bin/python3 -W ignore:setup.py install is deprecated -W ignore:easy_install command is deprecated setup.py develop --editable --build-directory /home/andre/ros2_ws/src/build/pose_estimator/build --no-deps symlink_data
[5.219s] DEBUG:colcon.colcon_core.event_handler.log_command:Invoking command in '/home/andre/ros2_ws/src/build/sjtu_drone_bringup': PYTHONPATH=/home/andre/ros2_ws/src/build/sjtu_drone_bringup/prefix_override:/usr/lib/python3/dist-packages/colcon_core/task/python/colcon_distutils_commands:/home/andre/ros2_ws/src/install/sjtu_drone_bringup/lib/python3.10/site-packages:${PYTHONPATH} /usr/bin/python3 -W ignore:setup.py install is deprecated -W ignore:easy_install command is deprecated setup.py develop --editable --build-directory /home/andre/ros2_ws/src/build/sjtu_drone_bringup/build --no-deps symlink_data
[5.830s] Level 1:colcon.colcon_core.shell:create_environment_hook('pose_estimator', 'pythonpath_develop')
[5.831s] INFO:colcon.colcon_core.shell:Creating environment hook '/home/andre/ros2_ws/src/build/pose_estimator/share/pose_estimator/hook/pythonpath_develop.ps1'
[5.832s] INFO:colcon.colcon_core.shell:Creating environment descriptor '/home/andre/ros2_ws/src/build/pose_estimator/share/pose_estimator/hook/pythonpath_develop.dsv'
[5.832s] INFO:colcon.colcon_core.shell:Creating environment hook '/home/andre/ros2_ws/src/build/pose_estimator/share/pose_estimator/hook/pythonpath_develop.sh'
[5.833s] Level 1:colcon.colcon_core.environment:checking '/home/andre/ros2_ws/src/install/pose_estimator' for CMake module files
[5.833s] Level 1:colcon.colcon_core.environment:checking '/home/andre/ros2_ws/src/install/pose_estimator' for CMake config files
[5.834s] Level 1:colcon.colcon_core.environment:checking '/home/andre/ros2_ws/src/install/pose_estimator/lib'
[5.834s] Level 1:colcon.colcon_core.environment:checking '/home/andre/ros2_ws/src/install/pose_estimator/bin'
[5.834s] Level 1:colcon.colcon_core.environment:checking '/home/andre/ros2_ws/src/install/pose_estimator/lib/pkgconfig/pose_estimator.pc'
[5.835s] Level 1:colcon.colcon_core.environment:checking '/home/andre/ros2_ws/src/install/pose_estimator/lib/python3.10/site-packages'
[5.835s] Level 1:colcon.colcon_core.shell:create_environment_hook('pose_estimator', 'pythonpath')
[5.835s] INFO:colcon.colcon_core.shell:Creating environment hook '/home/andre/ros2_ws/src/install/pose_estimator/share/pose_estimator/hook/pythonpath.ps1'
[5.835s] INFO:colcon.colcon_core.shell:Creating environment descriptor '/home/andre/ros2_ws/src/install/pose_estimator/share/pose_estimator/hook/pythonpath.dsv'
[5.836s] INFO:colcon.colcon_core.shell:Creating environment hook '/home/andre/ros2_ws/src/install/pose_estimator/share/pose_estimator/hook/pythonpath.sh'
[5.837s] Level 1:colcon.colcon_core.environment:checking '/home/andre/ros2_ws/src/install/pose_estimator/bin'
[5.837s] Level 1:colcon.colcon_core.environment:create_environment_scripts_only(pose_estimator)
[5.837s] INFO:colcon.colcon_core.shell:Creating package script '/home/andre/ros2_ws/src/install/pose_estimator/share/pose_estimator/package.ps1'
[5.838s] INFO:colcon.colcon_core.shell:Creating package descriptor '/home/andre/ros2_ws/src/install/pose_estimator/share/pose_estimator/package.dsv'
[5.839s] INFO:colcon.colcon_core.shell:Creating package script '/home/andre/ros2_ws/src/install/pose_estimator/share/pose_estimator/package.sh'
[5.839s] INFO:colcon.colcon_core.shell:Creating package script '/home/andre/ros2_ws/src/install/pose_estimator/share/pose_estimator/package.bash'
[5.840s] INFO:colcon.colcon_core.shell:Creating package script '/home/andre/ros2_ws/src/install/pose_estimator/share/pose_estimator/package.zsh'
[5.840s] Level 1:colcon.colcon_core.environment:create_file_with_runtime_dependencies(/home/andre/ros2_ws/src/install/pose_estimator/share/colcon-core/packages/pose_estimator)
[5.841s] INFO:colcon.colcon_ros.task.ament_python.build:Building ROS package in '/home/andre/ros2_ws/src/sjtu_drone/sjtu_drone_control' with build type 'ament_python'
[5.841s] Level 1:colcon.colcon_core.shell:create_environment_hook('sjtu_drone_control', 'ament_prefix_path')
[5.842s] INFO:colcon.colcon_core.shell:Creating environment hook '/home/andre/ros2_ws/src/install/sjtu_drone_control/share/sjtu_drone_control/hook/ament_prefix_path.ps1'
[5.842s] INFO:colcon.colcon_core.shell:Creating environment descriptor '/home/andre/ros2_ws/src/install/sjtu_drone_control/share/sjtu_drone_control/hook/ament_prefix_path.dsv'
[5.843s] INFO:colcon.colcon_core.shell:Creating environment hook '/home/andre/ros2_ws/src/install/sjtu_drone_control/share/sjtu_drone_control/hook/ament_prefix_path.sh'
[5.844s] INFO:colcon.colcon_core.shell:Skip shell extension 'powershell' for command environment: Not usable outside of PowerShell
[5.844s] DEBUG:colcon.colcon_core.shell:Skip shell extension 'dsv' for command environment
[5.873s] DEBUG:colcon.colcon_core.event_handler.log_command:Invoked command in '/home/andre/ros2_ws/src/build/pose_estimator' returned '0': PYTHONPATH=/home/andre/ros2_ws/src/build/pose_estimator/prefix_override:/usr/lib/python3/dist-packages/colcon_core/task/python/colcon_distutils_commands:/home/andre/ros2_ws/src/install/pose_estimator/lib/python3.10/site-packages:${PYTHONPATH} /usr/bin/python3 -W ignore:setup.py install is deprecated -W ignore:easy_install command is deprecated setup.py develop --editable --build-directory /home/andre/ros2_ws/src/build/pose_estimator/build --no-deps symlink_data
[7.041s] INFO:colcon.colcon_core.task.python.build:Building Python package in '/home/andre/ros2_ws/src/sjtu_drone/sjtu_drone_control'
[7.042s] INFO:colcon.colcon_core.shell:Skip shell extension 'powershell' for command environment: Not usable outside of PowerShell
[7.042s] DEBUG:colcon.colcon_core.shell:Skip shell extension 'dsv' for command environment
[7.056s] Level 1:colcon.colcon_core.shell:create_environment_hook('sjtu_drone_bringup', 'pythonpath_develop')
[7.056s] INFO:colcon.colcon_core.shell:Creating environment hook '/home/andre/ros2_ws/src/build/sjtu_drone_bringup/share/sjtu_drone_bringup/hook/pythonpath_develop.ps1'
[7.059s] DEBUG:colcon.colcon_core.event_handler.log_command:Invoked command in '/home/andre/ros2_ws/src/build/sjtu_drone_bringup' returned '0': PYTHONPATH=/home/andre/ros2_ws/src/build/sjtu_drone_bringup/prefix_override:/usr/lib/python3/dist-packages/colcon_core/task/python/colcon_distutils_commands:/home/andre/ros2_ws/src/install/sjtu_drone_bringup/lib/python3.10/site-packages:${PYTHONPATH} /usr/bin/python3 -W ignore:setup.py install is deprecated -W ignore:easy_install command is deprecated setup.py develop --editable --build-directory /home/andre/ros2_ws/src/build/sjtu_drone_bringup/build --no-deps symlink_data
[7.060s] INFO:colcon.colcon_core.shell:Creating environment descriptor '/home/andre/ros2_ws/src/build/sjtu_drone_bringup/share/sjtu_drone_bringup/hook/pythonpath_develop.dsv'
[7.061s] INFO:colcon.colcon_core.shell:Creating environment hook '/home/andre/ros2_ws/src/build/sjtu_drone_bringup/share/sjtu_drone_bringup/hook/pythonpath_develop.sh'
[7.064s] Level 1:colcon.colcon_core.environment:checking '/home/andre/ros2_ws/src/install/sjtu_drone_bringup' for CMake module files
[7.066s] Level 1:colcon.colcon_core.environment:checking '/home/andre/ros2_ws/src/install/sjtu_drone_bringup' for CMake config files
[7.069s] Level 1:colcon.colcon_core.environment:checking '/home/andre/ros2_ws/src/install/sjtu_drone_bringup/lib'
[7.070s] Level 1:colcon.colcon_core.environment:checking '/home/andre/ros2_ws/src/install/sjtu_drone_bringup/bin'
[7.070s] Level 1:colcon.colcon_core.environment:checking '/home/andre/ros2_ws/src/install/sjtu_drone_bringup/lib/pkgconfig/sjtu_drone_bringup.pc'
[7.071s] Level 1:colcon.colcon_core.environment:checking '/home/andre/ros2_ws/src/install/sjtu_drone_bringup/lib/python3.10/site-packages'
[7.071s] Level 1:colcon.colcon_core.shell:create_environment_hook('sjtu_drone_bringup', 'pythonpath')
[7.072s] INFO:colcon.colcon_core.shell:Creating environment hook '/home/andre/ros2_ws/src/install/sjtu_drone_bringup/share/sjtu_drone_bringup/hook/pythonpath.ps1'
[7.077s] INFO:colcon.colcon_core.shell:Creating environment descriptor '/home/andre/ros2_ws/src/install/sjtu_drone_bringup/share/sjtu_drone_bringup/hook/pythonpath.dsv'
[7.078s] INFO:colcon.colcon_core.shell:Creating environment hook '/home/andre/ros2_ws/src/install/sjtu_drone_bringup/share/sjtu_drone_bringup/hook/pythonpath.sh'
[7.080s] Level 1:colcon.colcon_core.environment:checking '/home/andre/ros2_ws/src/install/sjtu_drone_bringup/bin'
[7.080s] Level 1:colcon.colcon_core.environment:create_environment_scripts_only(sjtu_drone_bringup)
[7.082s] INFO:colcon.colcon_core.shell:Creating package script '/home/andre/ros2_ws/src/install/sjtu_drone_bringup/share/sjtu_drone_bringup/package.ps1'
[7.084s] INFO:colcon.colcon_core.shell:Creating package descriptor '/home/andre/ros2_ws/src/install/sjtu_drone_bringup/share/sjtu_drone_bringup/package.dsv'
[7.086s] INFO:colcon.colcon_core.shell:Creating package script '/home/andre/ros2_ws/src/install/sjtu_drone_bringup/share/sjtu_drone_bringup/package.sh'
[7.089s] INFO:colcon.colcon_core.shell:Creating package script '/home/andre/ros2_ws/src/install/sjtu_drone_bringup/share/sjtu_drone_bringup/package.bash'
[7.090s] INFO:colcon.colcon_core.shell:Creating package script '/home/andre/ros2_ws/src/install/sjtu_drone_bringup/share/sjtu_drone_bringup/package.zsh'
[7.091s] Level 1:colcon.colcon_core.environment:create_file_with_runtime_dependencies(/home/andre/ros2_ws/src/install/sjtu_drone_bringup/share/colcon-core/packages/sjtu_drone_bringup)
[7.096s] INFO:colcon.colcon_ros.task.ament_cmake.build:Building ROS package in '/home/andre/ros2_ws/src/sjtu_drone/sjtu_drone_description' with build type 'ament_cmake'
[7.097s] INFO:colcon.colcon_cmake.task.cmake.build:Building CMake package in '/home/andre/ros2_ws/src/sjtu_drone/sjtu_drone_description'
[7.098s] INFO:colcon.colcon_core.shell:Skip shell extension 'powershell' for command environment: Not usable outside of PowerShell
[7.098s] DEBUG:colcon.colcon_core.shell:Skip shell extension 'dsv' for command environment
[7.172s] DEBUG:colcon.colcon_core.event_handler.log_command:Invoking command in '/home/andre/ros2_ws/src/build/sjtu_drone_description': CMAKE_PREFIX_PATH=${CMAKE_PREFIX_PATH}:/home/andre/ros2_ws/install/sjtu_drone_control:/home/andre/ros2_ws/install/sjtu_drone_bringup:/home/andre/ros2_ws/install/pose_estimator:/home/andre/ros2_ws/install/launch_pkg:/home/andre/ros2_ws/install/drone_controller:/opt/ros/humble /usr/bin/cmake /home/andre/ros2_ws/src/sjtu_drone/sjtu_drone_description -DAMENT_CMAKE_SYMLINK_INSTALL=1 -DCMAKE_INSTALL_PREFIX=/home/andre/ros2_ws/src/install/sjtu_drone_description
[8.989s] DEBUG:colcon.colcon_core.event_handler.log_command:Invoking command in '/home/andre/ros2_ws/src/build/sjtu_drone_control': PYTHONPATH=/home/andre/ros2_ws/src/build/sjtu_drone_control/prefix_override:/usr/lib/python3/dist-packages/colcon_core/task/python/colcon_distutils_commands:/home/andre/ros2_ws/src/install/sjtu_drone_control/lib/python3.10/site-packages:${PYTHONPATH} /usr/bin/python3 -W ignore:setup.py install is deprecated -W ignore:easy_install command is deprecated setup.py develop --editable --build-directory /home/andre/ros2_ws/src/build/sjtu_drone_control/build --no-deps symlink_data
[10.577s] Level 1:colcon.colcon_core.shell:create_environment_hook('sjtu_drone_control', 'pythonpath_develop')
[10.578s] INFO:colcon.colcon_core.shell:Creating environment hook '/home/andre/ros2_ws/src/build/sjtu_drone_control/share/sjtu_drone_control/hook/pythonpath_develop.ps1'
[10.579s] INFO:colcon.colcon_core.shell:Creating environment descriptor '/home/andre/ros2_ws/src/build/sjtu_drone_control/share/sjtu_drone_control/hook/pythonpath_develop.dsv'
[10.580s] INFO:colcon.colcon_core.shell:Creating environment hook '/home/andre/ros2_ws/src/build/sjtu_drone_control/share/sjtu_drone_control/hook/pythonpath_develop.sh'
[10.581s] Level 1:colcon.colcon_core.environment:checking '/home/andre/ros2_ws/src/install/sjtu_drone_control' for CMake module files
[10.582s] Level 1:colcon.colcon_core.environment:checking '/home/andre/ros2_ws/src/install/sjtu_drone_control' for CMake config files
[10.583s] Level 1:colcon.colcon_core.environment:checking '/home/andre/ros2_ws/src/install/sjtu_drone_control/lib'
[10.583s] Level 1:colcon.colcon_core.environment:checking '/home/andre/ros2_ws/src/install/sjtu_drone_control/bin'
[10.583s] Level 1:colcon.colcon_core.environment:checking '/home/andre/ros2_ws/src/install/sjtu_drone_control/lib/pkgconfig/sjtu_drone_control.pc'
[10.583s] Level 1:colcon.colcon_core.environment:checking '/home/andre/ros2_ws/src/install/sjtu_drone_control/lib/python3.10/site-packages'
[10.583s] Level 1:colcon.colcon_core.shell:create_environment_hook('sjtu_drone_control', 'pythonpath')
[10.583s] INFO:colcon.colcon_core.shell:Creating environment hook '/home/andre/ros2_ws/src/install/sjtu_drone_control/share/sjtu_drone_control/hook/pythonpath.ps1'
[10.584s] INFO:colcon.colcon_core.shell:Creating environment descriptor '/home/andre/ros2_ws/src/install/sjtu_drone_control/share/sjtu_drone_control/hook/pythonpath.dsv'
[10.584s] INFO:colcon.colcon_core.shell:Creating environment hook '/home/andre/ros2_ws/src/install/sjtu_drone_control/share/sjtu_drone_control/hook/pythonpath.sh'
[10.585s] Level 1:colcon.colcon_core.environment:checking '/home/andre/ros2_ws/src/install/sjtu_drone_control/bin'
[10.585s] Level 1:colcon.colcon_core.environment:create_environment_scripts_only(sjtu_drone_control)
[10.586s] INFO:colcon.colcon_core.shell:Creating package script '/home/andre/ros2_ws/src/install/sjtu_drone_control/share/sjtu_drone_control/package.ps1'
[10.587s] INFO:colcon.colcon_core.shell:Creating package descriptor '/home/andre/ros2_ws/src/install/sjtu_drone_control/share/sjtu_drone_control/package.dsv'
[10.588s] INFO:colcon.colcon_core.shell:Creating package script '/home/andre/ros2_ws/src/install/sjtu_drone_control/share/sjtu_drone_control/package.sh'
[10.589s] INFO:colcon.colcon_core.shell:Creating package script '/home/andre/ros2_ws/src/install/sjtu_drone_control/share/sjtu_drone_control/package.bash'
[10.589s] INFO:colcon.colcon_core.shell:Creating package script '/home/andre/ros2_ws/src/install/sjtu_drone_control/share/sjtu_drone_control/package.zsh'
[10.590s] Level 1:colcon.colcon_core.environment:create_file_with_runtime_dependencies(/home/andre/ros2_ws/src/install/sjtu_drone_control/share/colcon-core/packages/sjtu_drone_control)
[10.591s] DEBUG:colcon.colcon_core.event_handler.log_command:Invoked command in '/home/andre/ros2_ws/src/build/sjtu_drone_control' returned '0': PYTHONPATH=/home/andre/ros2_ws/src/build/sjtu_drone_control/prefix_override:/usr/lib/python3/dist-packages/colcon_core/task/python/colcon_distutils_commands:/home/andre/ros2_ws/src/install/sjtu_drone_control/lib/python3.10/site-packages:${PYTHONPATH} /usr/bin/python3 -W ignore:setup.py install is deprecated -W ignore:easy_install command is deprecated setup.py develop --editable --build-directory /home/andre/ros2_ws/src/build/sjtu_drone_control/build --no-deps symlink_data
[21.132s] DEBUG:colcon.colcon_core.event_handler.log_command:Invoked command in '/home/andre/ros2_ws/src/build/sjtu_drone_description' returned '0': CMAKE_PREFIX_PATH=${CMAKE_PREFIX_PATH}:/home/andre/ros2_ws/install/sjtu_drone_control:/home/andre/ros2_ws/install/sjtu_drone_bringup:/home/andre/ros2_ws/install/pose_estimator:/home/andre/ros2_ws/install/launch_pkg:/home/andre/ros2_ws/install/drone_controller:/opt/ros/humble /usr/bin/cmake /home/andre/ros2_ws/src/sjtu_drone/sjtu_drone_description -DAMENT_CMAKE_SYMLINK_INSTALL=1 -DCMAKE_INSTALL_PREFIX=/home/andre/ros2_ws/src/install/sjtu_drone_description
[21.141s] DEBUG:colcon.colcon_core.event_handler.log_command:Invoking command in '/home/andre/ros2_ws/src/build/sjtu_drone_description': CMAKE_PREFIX_PATH=${CMAKE_PREFIX_PATH}:/home/andre/ros2_ws/install/sjtu_drone_control:/home/andre/ros2_ws/install/sjtu_drone_bringup:/home/andre/ros2_ws/install/pose_estimator:/home/andre/ros2_ws/install/launch_pkg:/home/andre/ros2_ws/install/drone_controller:/opt/ros/humble /usr/bin/cmake --build /home/andre/ros2_ws/src/build/sjtu_drone_description -- -j2 -l2
[23.447s] DEBUG:colcon.colcon_parallel_executor.executor.parallel:run_until_complete was interrupted
[23.447s] DEBUG:colcon.colcon_parallel_executor.executor.parallel:run_until_complete again
[23.463s] Level 1:colcon.colcon_core.environment:create_environment_scripts_only(sjtu_drone_description)
[23.464s] Level 1:colcon.colcon_core.environment:checking '/home/andre/ros2_ws/src/install/sjtu_drone_description' for CMake module files
[23.464s] Level 1:colcon.colcon_core.environment:checking '/home/andre/ros2_ws/src/install/sjtu_drone_description' for CMake config files
[23.465s] Level 1:colcon.colcon_core.environment:checking '/home/andre/ros2_ws/src/install/sjtu_drone_description/bin'
[23.465s] Level 1:colcon.colcon_core.environment:checking '/home/andre/ros2_ws/src/install/sjtu_drone_description/lib/pkgconfig/sjtu_drone_description.pc'
[23.465s] Level 1:colcon.colcon_core.environment:checking '/home/andre/ros2_ws/src/install/sjtu_drone_description/lib/python3.10/site-packages'
[23.466s] Level 1:colcon.colcon_core.environment:checking '/home/andre/ros2_ws/src/install/sjtu_drone_description/bin'
[23.466s] INFO:colcon.colcon_core.shell:Creating package script '/home/andre/ros2_ws/src/install/sjtu_drone_description/share/sjtu_drone_description/package.ps1'
[23.470s] INFO:colcon.colcon_core.shell:Creating package descriptor '/home/andre/ros2_ws/src/install/sjtu_drone_description/share/sjtu_drone_description/package.dsv'
[23.471s] DEBUG:colcon.colcon_core.event_handler.log_command:Invoked command in '/home/andre/ros2_ws/src/build/sjtu_drone_description' returned '-2': CMAKE_PREFIX_PATH=${CMAKE_PREFIX_PATH}:/home/andre/ros2_ws/install/sjtu_drone_control:/home/andre/ros2_ws/install/sjtu_drone_bringup:/home/andre/ros2_ws/install/pose_estimator:/home/andre/ros2_ws/install/launch_pkg:/home/andre/ros2_ws/install/drone_controller:/opt/ros/humble /usr/bin/cmake --build /home/andre/ros2_ws/src/build/sjtu_drone_description -- -j2 -l2
[23.472s] INFO:colcon.colcon_core.shell:Creating package script '/home/andre/ros2_ws/src/install/sjtu_drone_description/share/sjtu_drone_description/package.sh'
[23.473s] INFO:colcon.colcon_core.shell:Creating package script '/home/andre/ros2_ws/src/install/sjtu_drone_description/share/sjtu_drone_description/package.bash'
[23.474s] INFO:colcon.colcon_core.shell:Creating package script '/home/andre/ros2_ws/src/install/sjtu_drone_description/share/sjtu_drone_description/package.zsh'
[23.474s] Level 1:colcon.colcon_core.environment:create_file_with_runtime_dependencies(/home/andre/ros2_ws/src/install/sjtu_drone_description/share/colcon-core/packages/sjtu_drone_description)
[23.476s] DEBUG:colcon.colcon_parallel_executor.executor.parallel:run_until_complete finished
[23.476s] DEBUG:colcon.colcon_parallel_executor.executor.parallel:closing loop
[23.477s] DEBUG:colcon.colcon_parallel_executor.executor.parallel:loop closed
[23.478s] DEBUG:colcon.colcon_core.event_reactor:joining thread
[23.509s] INFO:colcon.colcon_core.plugin_system:Skipping extension 'colcon_notification.desktop_notification.terminal_notifier': Not used on non-Darwin systems
[23.510s] INFO:colcon.colcon_core.plugin_system:Skipping extension 'colcon_notification.desktop_notification.win32': Not used on non-Windows systems
[23.510s] INFO:colcon.colcon_notification.desktop_notification:Sending desktop notification using 'notify2'
[24.103s] DEBUG:colcon.colcon_core.event_reactor:joined thread
[24.104s] INFO:colcon.colcon_core.shell:Creating prefix script '/home/andre/ros2_ws/src/install/local_setup.ps1'
[24.106s] INFO:colcon.colcon_core.shell:Creating prefix util module '/home/andre/ros2_ws/src/install/_local_setup_util_ps1.py'
[24.108s] INFO:colcon.colcon_core.shell:Creating prefix chain script '/home/andre/ros2_ws/src/install/setup.ps1'
[24.110s] INFO:colcon.colcon_core.shell:Creating prefix script '/home/andre/ros2_ws/src/install/local_setup.sh'
[24.111s] INFO:colcon.colcon_core.shell:Creating prefix util module '/home/andre/ros2_ws/src/install/_local_setup_util_sh.py'
[24.112s] INFO:colcon.colcon_core.shell:Creating prefix chain script '/home/andre/ros2_ws/src/install/setup.sh'
[24.114s] INFO:colcon.colcon_core.shell:Creating prefix script '/home/andre/ros2_ws/src/install/local_setup.bash'
[24.118s] INFO:colcon.colcon_core.shell:Creating prefix chain script '/home/andre/ros2_ws/src/install/setup.bash'
[24.121s] INFO:colcon.colcon_core.shell:Creating prefix script '/home/andre/ros2_ws/src/install/local_setup.zsh'
[24.127s] INFO:colcon.colcon_core.shell:Creating prefix chain script '/home/andre/ros2_ws/src/install/setup.zsh'
