[1.240s] Invoking command in '/home/andre/ros2_ws/src/build/sjtu_drone_bringup': PYTHONPATH=/home/andre/ros2_ws/src/build/sjtu_drone_bringup/prefix_override:/usr/lib/python3/dist-packages/colcon_core/task/python/colcon_distutils_commands:/home/andre/ros2_ws/src/install/sjtu_drone_bringup/lib/python3.10/site-packages:${PYTHONPATH} /usr/bin/python3 -W ignore:setup.py install is deprecated -W ignore:easy_install command is deprecated setup.py develop --editable --build-directory /home/andre/ros2_ws/src/build/sjtu_drone_bringup/build --no-deps symlink_data
[1.847s] running develop
[2.344s] running egg_info
[2.347s] creating sjtu_drone_bringup.egg-info
[2.347s] writing sjtu_drone_bringup.egg-info/PKG-INFO
[2.348s] writing dependency_links to sjtu_drone_bringup.egg-info/dependency_links.txt
[2.348s] writing entry points to sjtu_drone_bringup.egg-info/entry_points.txt
[2.348s] writing requirements to sjtu_drone_bringup.egg-info/requires.txt
[2.348s] writing top-level names to sjtu_drone_bringup.egg-info/top_level.txt
[2.348s] writing manifest file 'sjtu_drone_bringup.egg-info/SOURCES.txt'
[2.364s] reading manifest file 'sjtu_drone_bringup.egg-info/SOURCES.txt'
[2.379s] writing manifest file 'sjtu_drone_bringup.egg-info/SOURCES.txt'
[2.389s] running build_ext
[2.389s] Creating /home/andre/ros2_ws/src/install/sjtu_drone_bringup/lib/python3.10/site-packages/sjtu-drone-bringup.egg-link (link to .)
[2.389s] Installing spawn_drone script to /home/andre/ros2_ws/src/install/sjtu_drone_bringup/lib/sjtu_drone_bringup
[2.389s] 
[2.389s] Installed /home/andre/ros2_ws/src/build/sjtu_drone_bringup
[2.389s] running symlink_data
[2.389s] creating /home/andre/ros2_ws/src/install/sjtu_drone_bringup/share/ament_index
[2.389s] creating /home/andre/ros2_ws/src/install/sjtu_drone_bringup/share/ament_index/resource_index
[2.390s] creating /home/andre/ros2_ws/src/install/sjtu_drone_bringup/share/ament_index/resource_index/packages
[2.390s] symbolically linking /home/andre/ros2_ws/src/build/sjtu_drone_bringup/resource/sjtu_drone_bringup -> /home/andre/ros2_ws/src/install/sjtu_drone_bringup/share/ament_index/resource_index/packages
[2.390s] symbolically linking /home/andre/ros2_ws/src/build/sjtu_drone_bringup/package.xml -> /home/andre/ros2_ws/src/install/sjtu_drone_bringup/share/sjtu_drone_bringup
[2.390s] creating /home/andre/ros2_ws/src/install/sjtu_drone_bringup/share/sjtu_drone_bringup/launch
[2.390s] symbolically linking /home/andre/ros2_ws/src/build/sjtu_drone_bringup/launch/sjtu_drone_bringup.launch.py -> /home/andre/ros2_ws/src/install/sjtu_drone_bringup/share/sjtu_drone_bringup/launch
[2.390s] symbolically linking /home/andre/ros2_ws/src/build/sjtu_drone_bringup/launch/sjtu_drone_gazebo.launch.py -> /home/andre/ros2_ws/src/install/sjtu_drone_bringup/share/sjtu_drone_bringup/launch
[2.390s] creating /home/andre/ros2_ws/src/install/sjtu_drone_bringup/share/sjtu_drone_bringup/rviz
[2.395s] symbolically linking /home/andre/ros2_ws/src/build/sjtu_drone_bringup/rviz/rviz.rviz -> /home/andre/ros2_ws/src/install/sjtu_drone_bringup/share/sjtu_drone_bringup/rviz
[2.395s] creating /home/andre/ros2_ws/src/install/sjtu_drone_bringup/share/sjtu_drone_bringup/config
[2.398s] symbolically linking /home/andre/ros2_ws/src/build/sjtu_drone_bringup/config/drone.yaml -> /home/andre/ros2_ws/src/install/sjtu_drone_bringup/share/sjtu_drone_bringup/config
[3.080s] Invoked command in '/home/andre/ros2_ws/src/build/sjtu_drone_bringup' returned '0': PYTHONPATH=/home/andre/ros2_ws/src/build/sjtu_drone_bringup/prefix_override:/usr/lib/python3/dist-packages/colcon_core/task/python/colcon_distutils_commands:/home/andre/ros2_ws/src/install/sjtu_drone_bringup/lib/python3.10/site-packages:${PYTHONPATH} /usr/bin/python3 -W ignore:setup.py install is deprecated -W ignore:easy_install command is deprecated setup.py develop --editable --build-directory /home/andre/ros2_ws/src/build/sjtu_drone_bringup/build --no-deps symlink_data
