[1.598s] Invoking command in '/home/andre/ros2_ws/src/build/launch_pkg': PYTHONPATH=/home/andre/ros2_ws/src/build/launch_pkg/prefix_override:/usr/lib/python3/dist-packages/colcon_core/task/python/colcon_distutils_commands:/home/andre/ros2_ws/src/install/launch_pkg/lib/python3.10/site-packages:${PYTHONPATH} /usr/bin/python3 -W ignore:setup.py install is deprecated -W ignore:easy_install command is deprecated setup.py develop --editable --build-directory /home/andre/ros2_ws/src/build/launch_pkg/build --no-deps symlink_data
[2.166s] running develop
[2.430s] running egg_info
[2.441s] creating launch_pkg.egg-info
[2.452s] writing launch_pkg.egg-info/PKG-INFO
[2.452s] writing dependency_links to launch_pkg.egg-info/dependency_links.txt
[2.453s] writing entry points to launch_pkg.egg-info/entry_points.txt
[2.453s] writing requirements to launch_pkg.egg-info/requires.txt
[2.453s] writing top-level names to launch_pkg.egg-info/top_level.txt
[2.453s] writing manifest file 'launch_pkg.egg-info/SOURCES.txt'
[2.453s] reading manifest file 'launch_pkg.egg-info/SOURCES.txt'
[2.454s] writing manifest file 'launch_pkg.egg-info/SOURCES.txt'
[2.456s] running build_ext
[2.457s] Creating /home/andre/ros2_ws/src/install/launch_pkg/lib/python3.10/site-packages/launch-pkg.egg-link (link to .)
[2.457s] 
[2.457s] Installed /home/andre/ros2_ws/src/build/launch_pkg
[2.458s] running symlink_data
[2.458s] creating /home/andre/ros2_ws/src/install/launch_pkg/share/ament_index
[2.489s] creating /home/andre/ros2_ws/src/install/launch_pkg/share/ament_index/resource_index
[2.502s] creating /home/andre/ros2_ws/src/install/launch_pkg/share/ament_index/resource_index/packages
[2.502s] symbolically linking /home/andre/ros2_ws/src/build/launch_pkg/resource/launch_pkg -> /home/andre/ros2_ws/src/install/launch_pkg/share/ament_index/resource_index/packages
[2.502s] symbolically linking /home/andre/ros2_ws/src/build/launch_pkg/package.xml -> /home/andre/ros2_ws/src/install/launch_pkg/share/launch_pkg
[2.503s] Invoked command in '/home/andre/ros2_ws/src/build/launch_pkg' returned '0': PYTHONPATH=/home/andre/ros2_ws/src/build/launch_pkg/prefix_override:/usr/lib/python3/dist-packages/colcon_core/task/python/colcon_distutils_commands:/home/andre/ros2_ws/src/install/launch_pkg/lib/python3.10/site-packages:${PYTHONPATH} /usr/bin/python3 -W ignore:setup.py install is deprecated -W ignore:easy_install command is deprecated setup.py develop --editable --build-directory /home/andre/ros2_ws/src/build/launch_pkg/build --no-deps symlink_data
