running develop
running egg_info
creating drone_controller.egg-info
writing drone_controller.egg-info/PKG-INFO
writing dependency_links to drone_controller.egg-info/dependency_links.txt
writing entry points to drone_controller.egg-info/entry_points.txt
writing requirements to drone_controller.egg-info/requires.txt
writing top-level names to drone_controller.egg-info/top_level.txt
writing manifest file 'drone_controller.egg-info/SOURCES.txt'
reading manifest file 'drone_controller.egg-info/SOURCES.txt'
writing manifest file 'drone_controller.egg-info/SOURCES.txt'
running build_ext
Creating /home/andre/ros2_ws/src/install/drone_controller/lib/python3.10/site-packages/drone-controller.egg-link (link to .)

Installed /home/andre/ros2_ws/src/build/drone_controller
running symlink_data
creating /home/andre/ros2_ws/src/install/drone_controller/share/ament_index
creating /home/andre/ros2_ws/src/install/drone_controller/share/ament_index/resource_index
creating /home/andre/ros2_ws/src/install/drone_controller/share/ament_index/resource_index/packages
symbolically linking /home/andre/ros2_ws/src/build/drone_controller/resource/drone_controller -> /home/andre/ros2_ws/src/install/drone_controller/share/ament_index/resource_index/packages
symbolically linking /home/andre/ros2_ws/src/build/drone_controller/package.xml -> /home/andre/ros2_ws/src/install/drone_controller/share/drone_controller
