[1.778s] Invoking command in '/home/andre/ros2_ws/src/build/drone_controller': PYTHONPATH=/home/andre/ros2_ws/src/build/drone_controller/prefix_override:/usr/lib/python3/dist-packages/colcon_core/task/python/colcon_distutils_commands:/home/andre/ros2_ws/src/install/drone_controller/lib/python3.10/site-packages:${PYTHONPATH} /usr/bin/python3 -W ignore:setup.py install is deprecated -W ignore:easy_install command is deprecated setup.py develop --editable --build-directory /home/andre/ros2_ws/src/build/drone_controller/build --no-deps symlink_data
[2.238s] running develop
[2.732s] running egg_info
[2.733s] creating drone_controller.egg-info
[2.733s] writing drone_controller.egg-info/PKG-INFO
[2.733s] writing dependency_links to drone_controller.egg-info/dependency_links.txt
[2.733s] writing entry points to drone_controller.egg-info/entry_points.txt
[2.733s] writing requirements to drone_controller.egg-info/requires.txt
[2.734s] writing top-level names to drone_controller.egg-info/top_level.txt
[2.734s] writing manifest file 'drone_controller.egg-info/SOURCES.txt'
[2.734s] reading manifest file 'drone_controller.egg-info/SOURCES.txt'
[2.734s] writing manifest file 'drone_controller.egg-info/SOURCES.txt'
[2.735s] running build_ext
[2.736s] Creating /home/andre/ros2_ws/src/install/drone_controller/lib/python3.10/site-packages/drone-controller.egg-link (link to .)
[2.739s] 
[2.740s] Installed /home/andre/ros2_ws/src/build/drone_controller
[2.741s] running symlink_data
[2.743s] creating /home/andre/ros2_ws/src/install/drone_controller/share/ament_index
[2.744s] creating /home/andre/ros2_ws/src/install/drone_controller/share/ament_index/resource_index
[2.744s] creating /home/andre/ros2_ws/src/install/drone_controller/share/ament_index/resource_index/packages
[2.746s] symbolically linking /home/andre/ros2_ws/src/build/drone_controller/resource/drone_controller -> /home/andre/ros2_ws/src/install/drone_controller/share/ament_index/resource_index/packages
[2.746s] symbolically linking /home/andre/ros2_ws/src/build/drone_controller/package.xml -> /home/andre/ros2_ws/src/install/drone_controller/share/drone_controller
[3.234s] Invoked command in '/home/andre/ros2_ws/src/build/drone_controller' returned '0': PYTHONPATH=/home/andre/ros2_ws/src/build/drone_controller/prefix_override:/usr/lib/python3/dist-packages/colcon_core/task/python/colcon_distutils_commands:/home/andre/ros2_ws/src/install/drone_controller/lib/python3.10/site-packages:${PYTHONPATH} /usr/bin/python3 -W ignore:setup.py install is deprecated -W ignore:easy_install command is deprecated setup.py develop --editable --build-directory /home/andre/ros2_ws/src/build/drone_controller/build --no-deps symlink_data
